Log file open, 09/23/19 22:37:29
LogWindows: Failed to load 'aqProf.dll' (GetLastError=126)
LogWindows: File 'aqProf.dll' does not exist
LogWindows: Failed to load 'VtuneApi.dll' (GetLastError=126)
LogWindows: File 'VtuneApi.dll' does not exist
LogWindows: Failed to load 'VtuneApi32e.dll' (GetLastError=126)
LogWindows: File 'VtuneApi32e.dll' does not exist
LogConsoleResponse: Display: Failed to find resolution value strings in scalability ini. Falling back to default.
LogInit: Display: Running engine for game: Dhiraj_BomberMan
LogPakFile: Registered encryption key '00000000000000000000000000000000': 0 pak files mounted, 0 remain pending
LogPlatformFile: Not using cached read wrapper
LogTaskGraph: Started task graph with 5 named threads and 47 total threads with 3 sets of task threads.
LogStats: Stats thread started at 0.511489
LogD3D11RHI: Loaded GFSDK_Aftermath_Lib.x64.dll
LogICUInternationalization: ICU TimeZone Detection - Raw Offset: +5:30, Platform Override: ''
LogPluginManager: Mounting plugin Paper2D
LogPluginManager: Mounting plugin AISupport
LogPluginManager: Mounting plugin LightPropagationVolume
LogPluginManager: Mounting plugin ActorLayerUtilities
LogPluginManager: Mounting plugin CLionSourceCodeAccess
LogPluginManager: Mounting plugin CodeLiteSourceCodeAccess
LogPluginManager: Mounting plugin GitSourceControl
LogPluginManager: Mounting plugin KDevelopSourceCodeAccess
LogPluginManager: Mounting plugin NullSourceCodeAccess
LogPluginManager: Mounting plugin PerforceSourceControl
LogPluginManager: Mounting plugin SubversionSourceControl
LogPluginManager: Mounting plugin UObjectPlugin
LogPluginManager: Mounting plugin VisualStudioCodeSourceCodeAccess
LogPluginManager: Mounting plugin VisualStudioSourceCodeAccess
LogPluginManager: Mounting plugin XCodeSourceCodeAccess
LogPluginManager: Mounting plugin AssetManagerEditor
LogPluginManager: Mounting plugin CryptoKeys
LogPluginManager: Mounting plugin DataValidation
LogPluginManager: Mounting plugin FacialAnimation
LogPluginManager: Mounting plugin GameplayTagsEditor
LogPluginManager: Mounting plugin MacGraphicsSwitching
LogPluginManager: Mounting plugin MeshEditor
LogPluginManager: Mounting plugin MobileLauncherProfileWizard
LogPluginManager: Mounting plugin PluginBrowser
LogPluginManager: Mounting plugin SpeedTreeImporter
LogPluginManager: Mounting plugin DatasmithContent
LogPluginManager: Mounting plugin VariantManagerContent
LogPluginManager: Mounting plugin AlembicImporter
LogPluginManager: Mounting plugin AppleImageUtils
LogPluginManager: Mounting plugin AppleVision
LogPluginManager: Mounting plugin BackChannel
LogPluginManager: Mounting plugin CharacterAI
LogPluginManager: Mounting plugin GeometryCache
LogPluginManager: Mounting plugin HTML5Networking
LogPluginManager: Mounting plugin ProxyLODPlugin
LogPluginManager: Mounting plugin MagicLeap
LogPluginManager: Mounting plugin MagicLeapMedia
LogPluginManager: Mounting plugin AndroidMedia
LogPluginManager: Mounting plugin AvfMedia
LogPluginManager: Mounting plugin ImgMedia
LogPluginManager: Mounting plugin LinearTimecode
LogPluginManager: Mounting plugin MediaCompositing
LogPluginManager: Mounting plugin MediaPlayerEditor
LogPluginManager: Mounting plugin WebMMedia
LogPluginManager: Mounting plugin WmfMedia
LogPluginManager: Mounting plugin TcpMessaging
LogPluginManager: Mounting plugin UdpMessaging
LogPluginManager: Mounting plugin ActorSequence
LogPluginManager: Mounting plugin LevelSequenceEditor
LogPluginManager: Mounting plugin MatineeToLevelSequence
LogPluginManager: Mounting plugin NetcodeUnitTest
LogPluginManager: Mounting plugin NUTUnrealEngine4
LogPluginManager: Mounting plugin OnlineSubsystemGooglePlay
LogPluginManager: Mounting plugin OnlineSubsystemIOS
LogPluginManager: Mounting plugin OnlineSubsystem
LogPluginManager: Mounting plugin OnlineSubsystemNull
LogPluginManager: Mounting plugin OnlineSubsystemUtils
LogPluginManager: Mounting plugin LauncherChunkInstaller
LogPluginManager: Mounting plugin AndroidDeviceProfileSelector
LogPluginManager: Mounting plugin AndroidMoviePlayer
LogPluginManager: Mounting plugin AndroidPermission
LogPluginManager: Mounting plugin AppleMoviePlayer
LogPluginManager: Mounting plugin ArchVisCharacter
LogPluginManager: Mounting plugin AudioCapture
LogPluginManager: Mounting plugin CableComponent
LogPluginManager: Mounting plugin CustomMeshComponent
LogPluginManager: Mounting plugin EditableMesh
LogPluginManager: Mounting plugin ExampleDeviceProfileSelector
LogPluginManager: Mounting plugin Firebase
LogPluginManager: Mounting plugin GoogleCloudMessaging
LogPluginManager: Mounting plugin IOSDeviceProfileSelector
LogPluginManager: Mounting plugin LinuxDeviceProfileSelector
LogPluginManager: Mounting plugin LocationServicesBPLibrary
LogPluginManager: Mounting plugin MobilePatchingUtils
LogPluginManager: Mounting plugin OculusVR
LogPluginManager: Mounting plugin PhysXVehicles
LogPluginManager: Mounting plugin ProceduralMeshComponent
LogPluginManager: Mounting plugin RuntimePhysXCooking
LogPluginManager: Mounting plugin SteamVR
LogPluginManager: Mounting plugin WebMMoviePlayer
LogPluginManager: Mounting plugin WindowsMoviePlayer
LogStreaming: Display: Took  0.048s to configure plugins.
LogInit: Using libcurl 7.55.1-DEV
LogInit:  - built for x86_64-pc-win32
LogInit:  - supports SSL with OpenSSL/1.0.2h
LogInit:  - supports HTTP deflate (compression) using libz 1.2.8
LogInit:  - other features:
LogInit:      CURL_VERSION_SSL
LogInit:      CURL_VERSION_LIBZ
LogInit:      CURL_VERSION_IPV6
LogInit:      CURL_VERSION_ASYNCHDNS
LogInit:      CURL_VERSION_LARGEFILE
LogInit:      CURL_VERSION_IDN
LogInit:  CurlRequestOptions (configurable via config and command line):
LogInit:  - bVerifyPeer = true  - Libcurl will verify peer certificate
LogInit:  - bUseHttpProxy = false  - Libcurl will NOT use HTTP proxy
LogInit:  - bDontReuseConnections = false  - Libcurl will reuse connections
LogInit:  - MaxHostConnections = 16  - Libcurl will limit the number of connections to a host
LogInit:  - LocalHostAddr = Default
LogInit:  - BufferSize = 65536
LogInit: WinSock: version 1.1 (2.2), MaxSocks=32767, MaxUdp=65467
LogInit: Build: ++UE4+Release-4.21-CL-4753647
LogInit: Engine Version: 4.21.2-4753647+++UE4+Release-4.21
LogInit: Compatible Engine Version: 4.21.0-4541578+++UE4+Release-4.21
LogInit: Net CL: 4541578
LogInit: OS: Windows 10 (), CPU: Intel(R) Core(TM) i9-9900K CPU @ 3.60GHz, GPU: NVIDIA GeForce RTX 2080
LogInit: Compiled (64-bit): Jan 19 2019 02:07:31
LogInit: Compiled with Visual C++: 19.13.26129.00
LogInit: Build Configuration: Development
LogInit: Branch Name: ++UE4+Release-4.21
LogInit: Command Line:  -EpicPortal -epicusername=wolverine7707 -epicuserid=2b16c45f1ca84be88758b65f2341fa4c -epiclocale=en-US
LogInit: Base Directory: C:/Program Files/Epic Games/UE_4.21/Engine/Binaries/Win64/
LogInit: Installed Engine Build: 1
LogDevObjectVersion: Number of dev versions registered: 22
LogDevObjectVersion:   Dev-Blueprints (B0D832E4-1F89-4F0D-ACCF-7EB736FD4AA2): 10
LogDevObjectVersion:   Dev-Build (E1C64328-A22C-4D53-A36C-8E866417BD8C): 0
LogDevObjectVersion:   Dev-Core (375EC13C-06E4-48FB-B500-84F0262A717E): 2
LogDevObjectVersion:   Dev-Editor (E4B068ED-F494-42E9-A231-DA0B2E46BB41): 26
LogDevObjectVersion:   Dev-Framework (CFFC743F-43B0-4480-9391-14DF171D2073): 34
LogDevObjectVersion:   Dev-Mobile (B02B49B5-BB20-44E9-A304-32B752E40360): 2
LogDevObjectVersion:   Dev-Networking (A4E4105C-59A1-49B5-A7C5-40C4547EDFEE): 0
LogDevObjectVersion:   Dev-Online (39C831C9-5AE6-47DC-9A44-9C173E1C8E7C): 0
LogDevObjectVersion:   Dev-Physics (78F01B33-EBEA-4F98-B9B4-84EACCB95AA2): 0
LogDevObjectVersion:   Dev-Platform (6631380F-2D4D-43E0-8009-CF276956A95A): 0
LogDevObjectVersion:   Dev-Rendering (12F88B9F-8875-4AFC-A67C-D90C383ABD29): 27
LogDevObjectVersion:   Dev-Sequencer (7B5AE74C-D270-4C10-A958-57980B212A5A): 9
LogDevObjectVersion:   Dev-VR (D7296918-1DD6-4BDD-9DE2-64A83CC13884): 2
LogDevObjectVersion:   Dev-LoadTimes (C2A15278-BFE7-4AFE-6C17-90FF531DF755): 1
LogDevObjectVersion:   Private-Geometry (6EACA3D4-40EC-4CC1-B786-8BED09428FC5): 3
LogDevObjectVersion:   Dev-AnimPhys (29E575DD-E0A3-4627-9D10-D276232CDCEA): 17
LogDevObjectVersion:   Dev-Anim (AF43A65D-7FD3-4947-9873-3E8ED9C1BB05): 2
LogDevObjectVersion:   Dev-ReflectionCapture (6B266CEC-1EC7-4B8F-A30B-E4D90942FC07): 1
LogDevObjectVersion:   Dev-Automation (0DF73D61-A23F-47EA-B727-89E90C41499A): 1
LogDevObjectVersion:   FortniteMain (601D1886-AC64-4F84-AA16-D3DE0DEAC7D6): 17
LogDevObjectVersion:   Dev-Enterprise (9DFFBCD6-494F-0158-E221-12823C92A888): 4
LogDevObjectVersion:   Dev-Niagara (F2AED0AC-9AFE-416F-8664-AA7FFA26D6FC): 1
LogStreaming: Display: Took  0.000s to delete old logs.
LogInit: Presizing for max 8388607 objects, including 0 objects not considered by GC, pre-allocating 0 bytes for permanent pool.
LogInit: Object subsystem initialized
LogConfig: Setting CVar [[con.DebugEarlyDefault:1]]
LogConfig: Setting CVar [[r.setres:1280x720]]
[2019.09.23-17.07.29:934][  0]LogConfig: Setting CVar [[r.VSync:0]]
[2019.09.23-17.07.29:934][  0]LogConfig: Setting CVar [[r.RHICmdBypass:0]]
[2019.09.23-17.07.29:934][  0]LogConfig: Applying CVar settings from Section [/Script/Engine.RendererSettings] File [C:/Users/User/Documents/Unreal Projects/Dhiraj_BomberMan 4.21/Saved/Config/Windows/Engine.ini]
[2019.09.23-17.07.29:934][  0]LogConfig: Setting CVar [[r.GPUCrashDebugging:0]]
[2019.09.23-17.07.29:934][  0]LogConfig: Applying CVar settings from Section [/Script/Engine.RendererOverrideSettings] File [C:/Users/User/Documents/Unreal Projects/Dhiraj_BomberMan 4.21/Saved/Config/Windows/Engine.ini]
[2019.09.23-17.07.29:934][  0]LogConfig: Applying CVar settings from Section [/Script/Engine.StreamingSettings] File [C:/Users/User/Documents/Unreal Projects/Dhiraj_BomberMan 4.21/Saved/Config/Windows/Engine.ini]
[2019.09.23-17.07.29:934][  0]LogConfig: Setting CVar [[s.MinBulkDataSizeForAsyncLoading:131072]]
[2019.09.23-17.07.29:934][  0]LogConfig: Setting CVar [[s.AsyncLoadingThreadEnabled:0]]
[2019.09.23-17.07.29:934][  0]LogConfig: Setting CVar [[s.EventDrivenLoaderEnabled:1]]
[2019.09.23-17.07.29:934][  0]LogConfig: Setting CVar [[s.WarnIfTimeLimitExceeded:0]]
[2019.09.23-17.07.29:934][  0]LogConfig: Setting CVar [[s.TimeLimitExceededMultiplier:1.5]]
[2019.09.23-17.07.29:934][  0]LogConfig: Setting CVar [[s.TimeLimitExceededMinTime:0.005]]
[2019.09.23-17.07.29:934][  0]LogConfig: Setting CVar [[s.UseBackgroundLevelStreaming:1]]
[2019.09.23-17.07.29:934][  0]LogConfig: Setting CVar [[s.PriorityAsyncLoadingExtraTime:15.0]]
[2019.09.23-17.07.29:934][  0]LogConfig: Setting CVar [[s.LevelStreamingActorsUpdateTimeLimit:5.0]]
[2019.09.23-17.07.29:934][  0]LogConfig: Setting CVar [[s.PriorityLevelStreamingActorsUpdateExtraTime:5.0]]
[2019.09.23-17.07.29:934][  0]LogConfig: Setting CVar [[s.LevelStreamingComponentsRegistrationGranularity:10]]
[2019.09.23-17.07.29:934][  0]LogConfig: Setting CVar [[s.UnregisterComponentsTimeLimit:1.0]]
[2019.09.23-17.07.29:934][  0]LogConfig: Setting CVar [[s.LevelStreamingComponentsUnregistrationGranularity:5]]
[2019.09.23-17.07.29:934][  0]LogConfig: Applying CVar settings from Section [/Script/Engine.GarbageCollectionSettings] File [C:/Users/User/Documents/Unreal Projects/Dhiraj_BomberMan 4.21/Saved/Config/Windows/Engine.ini]
[2019.09.23-17.07.29:934][  0]LogConfig: Setting CVar [[gc.MaxObjectsNotConsideredByGC:1]]
[2019.09.23-17.07.29:934][  0]LogConfig: Setting CVar [[gc.SizeOfPermanentObjectPool:0]]
[2019.09.23-17.07.29:934][  0]LogConfig: Setting CVar [[gc.FlushStreamingOnGC:0]]
[2019.09.23-17.07.29:934][  0]LogConfig: Setting CVar [[gc.NumRetriesBeforeForcingGC:10]]
[2019.09.23-17.07.29:934][  0]LogConfig: Setting CVar [[gc.AllowParallelGC:1]]
[2019.09.23-17.07.29:934][  0]LogConfig: Setting CVar [[gc.TimeBetweenPurgingPendingKillObjects:61.1]]
[2019.09.23-17.07.29:934][  0]LogConfig: Setting CVar [[gc.MaxObjectsInEditor:8388607]]
[2019.09.23-17.07.29:934][  0]LogConfig: Setting CVar [[gc.IncrementalBeginDestroyEnabled:1]]
[2019.09.23-17.07.29:934][  0]LogConfig: Setting CVar [[gc.CreateGCClusters:1]]
[2019.09.23-17.07.29:934][  0]LogConfig: Setting CVar [[gc.MergeGCClusters:0]]
[2019.09.23-17.07.29:934][  0]LogConfig: Setting CVar [[gc.MinGCClusterSize:5]]
[2019.09.23-17.07.29:934][  0]LogConfig: Setting CVar [[gc.ActorClusteringEnabled:0]]
[2019.09.23-17.07.29:934][  0]LogConfig: Setting CVar [[gc.BlueprintClusteringEnabled:0]]
[2019.09.23-17.07.29:934][  0]LogConfig: Setting CVar [[gc.UseDisregardForGCOnDedicatedServers:0]]
[2019.09.23-17.07.29:934][  0]LogConfig: Applying CVar settings from Section [/Script/Engine.NetworkSettings] File [C:/Users/User/Documents/Unreal Projects/Dhiraj_BomberMan 4.21/Saved/Config/Windows/Engine.ini]
[2019.09.23-17.07.29:934][  0]LogConfig: Applying CVar settings from Section [/Script/UnrealEd.CookerSettings] File [C:/Users/User/Documents/Unreal Projects/Dhiraj_BomberMan 4.21/Saved/Config/Windows/Engine.ini]
[2019.09.23-17.07.29:936][  0]LogConfig: Applying CVar settings from Section [ViewDistanceQuality@3] File [C:/Users/User/Documents/Unreal Projects/Dhiraj_BomberMan 4.21/Saved/Config/Windows/Scalability.ini]
[2019.09.23-17.07.29:936][  0]LogConfig: Setting CVar [[r.SkeletalMeshLODBias:0]]
[2019.09.23-17.07.29:936][  0]LogConfig: Setting CVar [[r.ViewDistanceScale:1.0]]
[2019.09.23-17.07.29:936][  0]LogConfig: Applying CVar settings from Section [AntiAliasingQuality@3] File [C:/Users/User/Documents/Unreal Projects/Dhiraj_BomberMan 4.21/Saved/Config/Windows/Scalability.ini]
[2019.09.23-17.07.29:936][  0]LogConfig: Setting CVar [[r.PostProcessAAQuality:4]]
[2019.09.23-17.07.29:936][  0]LogConfig: Applying CVar settings from Section [ShadowQuality@3] File [C:/Users/User/Documents/Unreal Projects/Dhiraj_BomberMan 4.21/Saved/Config/Windows/Scalability.ini]
[2019.09.23-17.07.29:936][  0]LogConfig: Setting CVar [[r.LightFunctionQuality:1]]
[2019.09.23-17.07.29:936][  0]LogConfig: Setting CVar [[r.ShadowQuality:5]]
[2019.09.23-17.07.29:936][  0]LogConfig: Setting CVar [[r.Shadow.CSM.MaxCascades:10]]
[2019.09.23-17.07.29:936][  0]LogConfig: Setting CVar [[r.Shadow.MaxResolution:2048]]
[2019.09.23-17.07.29:936][  0]LogConfig: Setting CVar [[r.Shadow.MaxCSMResolution:2048]]
[2019.09.23-17.07.29:936][  0]LogConfig: Setting CVar [[r.Shadow.RadiusThreshold:0.01]]
[2019.09.23-17.07.29:936][  0]LogConfig: Setting CVar [[r.Shadow.DistanceScale:1.0]]
[2019.09.23-17.07.29:936][  0]LogConfig: Setting CVar [[r.Shadow.CSM.TransitionScale:1.0]]
[2019.09.23-17.07.29:936][  0]LogConfig: Setting CVar [[r.Shadow.PreShadowResolutionFactor:1.0]]
[2019.09.23-17.07.29:936][  0]LogConfig: Setting CVar [[r.DistanceFieldShadowing:1]]
[2019.09.23-17.07.29:936][  0]LogConfig: Setting CVar [[r.DistanceFieldAO:1]]
[2019.09.23-17.07.29:936][  0]LogConfig: Setting CVar [[r.AOQuality:2]]
[2019.09.23-17.07.29:936][  0]LogConfig: Setting CVar [[r.VolumetricFog:1]]
[2019.09.23-17.07.29:936][  0]LogConfig: Setting CVar [[r.VolumetricFog.GridPixelSize:8]]
[2019.09.23-17.07.29:936][  0]LogConfig: Setting CVar [[r.VolumetricFog.GridSizeZ:128]]
[2019.09.23-17.07.29:936][  0]LogConfig: Setting CVar [[r.VolumetricFog.HistoryMissSupersampleCount:4]]
[2019.09.23-17.07.29:936][  0]LogConfig: Setting CVar [[r.LightMaxDrawDistanceScale:1]]
[2019.09.23-17.07.29:936][  0]LogConfig: Setting CVar [[r.CapsuleShadows:1]]
[2019.09.23-17.07.29:936][  0]LogConfig: Applying CVar settings from Section [PostProcessQuality@3] File [C:/Users/User/Documents/Unreal Projects/Dhiraj_BomberMan 4.21/Saved/Config/Windows/Scalability.ini]
[2019.09.23-17.07.29:936][  0]LogConfig: Setting CVar [[r.MotionBlurQuality:4]]
[2019.09.23-17.07.29:936][  0]LogConfig: Setting CVar [[r.AmbientOcclusionMipLevelFactor:0.4]]
[2019.09.23-17.07.29:936][  0]LogConfig: Setting CVar [[r.AmbientOcclusionMaxQuality:100]]
[2019.09.23-17.07.29:936][  0]LogConfig: Setting CVar [[r.AmbientOcclusionLevels:-1]]
[2019.09.23-17.07.29:936][  0]LogConfig: Setting CVar [[r.AmbientOcclusionRadiusScale:1.0]]
[2019.09.23-17.07.29:936][  0]LogConfig: Setting CVar [[r.DepthOfFieldQuality:2]]
[2019.09.23-17.07.29:936][  0]LogConfig: Setting CVar [[r.RenderTargetPoolMin:400]]
[2019.09.23-17.07.29:936][  0]LogConfig: Setting CVar [[r.LensFlareQuality:2]]
[2019.09.23-17.07.29:936][  0]LogConfig: Setting CVar [[r.SceneColorFringeQuality:1]]
[2019.09.23-17.07.29:936][  0]LogConfig: Setting CVar [[r.EyeAdaptationQuality:2]]
[2019.09.23-17.07.29:936][  0]LogConfig: Setting CVar [[r.BloomQuality:5]]
[2019.09.23-17.07.29:936][  0]LogConfig: Setting CVar [[r.FastBlurThreshold:100]]
[2019.09.23-17.07.29:936][  0]LogConfig: Setting CVar [[r.Upscale.Quality:3]]
[2019.09.23-17.07.29:936][  0]LogConfig: Setting CVar [[r.Tonemapper.GrainQuantization:1]]
[2019.09.23-17.07.29:936][  0]LogConfig: Setting CVar [[r.LightShaftQuality:1]]
[2019.09.23-17.07.29:936][  0]LogConfig: Setting CVar [[r.Filter.SizeScale:1]]
[2019.09.23-17.07.29:936][  0]LogConfig: Setting CVar [[r.Tonemapper.Quality:5]]
[2019.09.23-17.07.29:936][  0]LogConfig: Setting CVar [[r.DOF.Gather.AccumulatorQuality:1        ; higher gathering accumulator quality]]
[2019.09.23-17.07.29:936][  0]LogConfig: Setting CVar [[r.DOF.Gather.PostfilterMethod:1          ; Median3x3 postfilering method]]
[2019.09.23-17.07.29:936][  0]LogConfig: Setting CVar [[r.DOF.Gather.EnableBokehSettings:0       ; no bokeh simulation when gathering]]
[2019.09.23-17.07.29:936][  0]LogConfig: Setting CVar [[r.DOF.Gather.RingCount:4                 ; medium number of samples when gathering]]
[2019.09.23-17.07.29:936][  0]LogConfig: Setting CVar [[r.DOF.Scatter.ForegroundCompositing:1    ; additive foreground scattering]]
[2019.09.23-17.07.29:936][  0]LogConfig: Setting CVar [[r.DOF.Scatter.BackgroundCompositing:2    ; additive background scattering]]
[2019.09.23-17.07.29:936][  0]LogConfig: Setting CVar [[r.DOF.Scatter.EnableBokehSettings:1      ; bokeh simulation when scattering]]
[2019.09.23-17.07.29:936][  0]LogConfig: Setting CVar [[r.DOF.Scatter.MaxSpriteRatio:0.1         ; only a maximum of 10% of scattered bokeh]]
[2019.09.23-17.07.29:936][  0]LogConfig: Setting CVar [[r.DOF.Recombine.Quality:1                ; cheap slight out of focus]]
[2019.09.23-17.07.29:936][  0]LogConfig: Setting CVar [[r.DOF.Recombine.EnableBokehSettings:0    ; no bokeh simulation on slight out of focus]]
[2019.09.23-17.07.29:936][  0]LogConfig: Setting CVar [[r.DOF.TemporalAAQuality:1                ; more stable temporal accumulation]]
[2019.09.23-17.07.29:936][  0]LogConfig: Setting CVar [[r.DOF.Kernel.MaxForegroundRadius:0.025]]
[2019.09.23-17.07.29:936][  0]LogConfig: Setting CVar [[r.DOF.Kernel.MaxBackgroundRadius:0.025]]
[2019.09.23-17.07.29:936][  0]LogConfig: Applying CVar settings from Section [TextureQuality@3] File [C:/Users/User/Documents/Unreal Projects/Dhiraj_BomberMan 4.21/Saved/Config/Windows/Scalability.ini]
[2019.09.23-17.07.29:936][  0]LogConfig: Setting CVar [[r.Streaming.MipBias:0]]
[2019.09.23-17.07.29:936][  0]LogConfig: Setting CVar [[r.Streaming.AmortizeCPUToGPUCopy:0]]
[2019.09.23-17.07.29:936][  0]LogConfig: Setting CVar [[r.Streaming.MaxNumTexturesToStreamPerFrame:0]]
[2019.09.23-17.07.29:936][  0]LogConfig: Setting CVar [[r.Streaming.Boost:1]]
[2019.09.23-17.07.29:936][  0]LogConfig: Setting CVar [[r.MaxAnisotropy:8]]
[2019.09.23-17.07.29:936][  0]LogConfig: Setting CVar [[r.Streaming.LimitPoolSizeToVRAM:0]]
[2019.09.23-17.07.29:936][  0]LogConfig: Setting CVar [[r.Streaming.PoolSize:1000]]
[2019.09.23-17.07.29:936][  0]LogConfig: Setting CVar [[r.Streaming.MaxEffectiveScreenSize:0]]
[2019.09.23-17.07.29:936][  0]LogConfig: Applying CVar settings from Section [EffectsQuality@3] File [C:/Users/User/Documents/Unreal Projects/Dhiraj_BomberMan 4.21/Saved/Config/Windows/Scalability.ini]
[2019.09.23-17.07.29:936][  0]LogConfig: Setting CVar [[r.TranslucencyLightingVolumeDim:64]]
[2019.09.23-17.07.29:936][  0]LogConfig: Setting CVar [[r.RefractionQuality:2]]
[2019.09.23-17.07.29:936][  0]LogConfig: Setting CVar [[r.SSR.Quality:3]]
[2019.09.23-17.07.29:936][  0]LogConfig: Setting CVar [[r.SceneColorFormat:4]]
[2019.09.23-17.07.29:936][  0]LogConfig: Setting CVar [[r.DetailMode:2]]
[2019.09.23-17.07.29:936][  0]LogConfig: Setting CVar [[r.TranslucencyVolumeBlur:1]]
[2019.09.23-17.07.29:936][  0]LogConfig: Setting CVar [[r.MaterialQualityLevel:1 ; High quality]]
[2019.09.23-17.07.29:936][  0]LogConfig: Setting CVar [[r.SSS.Scale:1]]
[2019.09.23-17.07.29:936][  0]LogConfig: Setting CVar [[r.SSS.SampleSet:2]]
[2019.09.23-17.07.29:936][  0]LogConfig: Setting CVar [[r.SSS.Quality:1]]
[2019.09.23-17.07.29:936][  0]LogConfig: Setting CVar [[r.SSS.HalfRes:1]]
[2019.09.23-17.07.29:936][  0]LogConfig: Setting CVar [[r.EmitterSpawnRateScale:1.0]]
[2019.09.23-17.07.29:936][  0]LogConfig: Setting CVar [[r.ParticleLightQuality:2]]
[2019.09.23-17.07.29:936][  0]LogConfig: Applying CVar settings from Section [FoliageQuality@3] File [C:/Users/User/Documents/Unreal Projects/Dhiraj_BomberMan 4.21/Saved/Config/Windows/Scalability.ini]
[2019.09.23-17.07.29:936][  0]LogConfig: Setting CVar [[foliage.DensityScale:1.0]]
[2019.09.23-17.07.29:936][  0]LogConfig: Setting CVar [[grass.DensityScale:1.0]]
[2019.09.23-17.07.29:936][  0]LogInit: Selected Device Profile: [Windows]
[2019.09.23-17.07.29:936][  0]LogInit: Applying CVar settings loaded from the selected device profile: [Windows]
[2019.09.23-17.07.29:945][  0]LogHAL: Display: Platform has ~ 32 GB [34290765824 / 34359738368 / 32], which maps to Largest [LargestMinGB=32, LargerMinGB=12, DefaultMinGB=8, SmallerMinGB=6, SmallestMinGB=0)
[2019.09.23-17.07.29:945][  0]LogConfig: Setting CVar [[r.Vulkan.UseRealUBs:1]]
[2019.09.23-17.07.29:945][  0]LogInit: Going up to parent DeviceProfile []
[2019.09.23-17.07.29:945][  0]LogConfig: Applying CVar settings from Section [ViewDistanceQuality@3] File [C:/Users/User/Documents/Unreal Projects/Dhiraj_BomberMan 4.21/Saved/Config/Windows/Scalability.ini]
[2019.09.23-17.07.29:945][  0]LogConfig: Setting CVar [[r.SkeletalMeshLODBias:0]]
[2019.09.23-17.07.29:945][  0]LogConfig: Setting CVar [[r.ViewDistanceScale:1.0]]
[2019.09.23-17.07.29:945][  0]LogConfig: Applying CVar settings from Section [AntiAliasingQuality@3] File [C:/Users/User/Documents/Unreal Projects/Dhiraj_BomberMan 4.21/Saved/Config/Windows/Scalability.ini]
[2019.09.23-17.07.29:945][  0]LogConfig: Setting CVar [[r.PostProcessAAQuality:4]]
[2019.09.23-17.07.29:945][  0]LogConfig: Applying CVar settings from Section [ShadowQuality@3] File [C:/Users/User/Documents/Unreal Projects/Dhiraj_BomberMan 4.21/Saved/Config/Windows/Scalability.ini]
[2019.09.23-17.07.29:945][  0]LogConfig: Setting CVar [[r.LightFunctionQuality:1]]
[2019.09.23-17.07.29:945][  0]LogConfig: Setting CVar [[r.ShadowQuality:5]]
[2019.09.23-17.07.29:945][  0]LogConfig: Setting CVar [[r.Shadow.CSM.MaxCascades:10]]
[2019.09.23-17.07.29:945][  0]LogConfig: Setting CVar [[r.Shadow.MaxResolution:2048]]
[2019.09.23-17.07.29:945][  0]LogConfig: Setting CVar [[r.Shadow.MaxCSMResolution:2048]]
[2019.09.23-17.07.29:945][  0]LogConfig: Setting CVar [[r.Shadow.RadiusThreshold:0.01]]
[2019.09.23-17.07.29:945][  0]LogConfig: Setting CVar [[r.Shadow.DistanceScale:1.0]]
[2019.09.23-17.07.29:945][  0]LogConfig: Setting CVar [[r.Shadow.CSM.TransitionScale:1.0]]
[2019.09.23-17.07.29:945][  0]LogConfig: Setting CVar [[r.Shadow.PreShadowResolutionFactor:1.0]]
[2019.09.23-17.07.29:945][  0]LogConfig: Setting CVar [[r.DistanceFieldShadowing:1]]
[2019.09.23-17.07.29:945][  0]LogConfig: Setting CVar [[r.DistanceFieldAO:1]]
[2019.09.23-17.07.29:945][  0]LogConfig: Setting CVar [[r.AOQuality:2]]
[2019.09.23-17.07.29:945][  0]LogConfig: Setting CVar [[r.VolumetricFog:1]]
[2019.09.23-17.07.29:945][  0]LogConfig: Setting CVar [[r.VolumetricFog.GridPixelSize:8]]
[2019.09.23-17.07.29:945][  0]LogConfig: Setting CVar [[r.VolumetricFog.GridSizeZ:128]]
[2019.09.23-17.07.29:945][  0]LogConfig: Setting CVar [[r.VolumetricFog.HistoryMissSupersampleCount:4]]
[2019.09.23-17.07.29:945][  0]LogConfig: Setting CVar [[r.LightMaxDrawDistanceScale:1]]
[2019.09.23-17.07.29:945][  0]LogConfig: Setting CVar [[r.CapsuleShadows:1]]
[2019.09.23-17.07.29:945][  0]LogConfig: Applying CVar settings from Section [PostProcessQuality@3] File [C:/Users/User/Documents/Unreal Projects/Dhiraj_BomberMan 4.21/Saved/Config/Windows/Scalability.ini]
[2019.09.23-17.07.29:945][  0]LogConfig: Setting CVar [[r.MotionBlurQuality:4]]
[2019.09.23-17.07.29:945][  0]LogConfig: Setting CVar [[r.AmbientOcclusionMipLevelFactor:0.4]]
[2019.09.23-17.07.29:945][  0]LogConfig: Setting CVar [[r.AmbientOcclusionMaxQuality:100]]
[2019.09.23-17.07.29:945][  0]LogConfig: Setting CVar [[r.AmbientOcclusionLevels:-1]]
[2019.09.23-17.07.29:945][  0]LogConfig: Setting CVar [[r.AmbientOcclusionRadiusScale:1.0]]
[2019.09.23-17.07.29:945][  0]LogConfig: Setting CVar [[r.DepthOfFieldQuality:2]]
[2019.09.23-17.07.29:945][  0]LogConfig: Setting CVar [[r.RenderTargetPoolMin:400]]
[2019.09.23-17.07.29:945][  0]LogConfig: Setting CVar [[r.LensFlareQuality:2]]
[2019.09.23-17.07.29:945][  0]LogConfig: Setting CVar [[r.SceneColorFringeQuality:1]]
[2019.09.23-17.07.29:945][  0]LogConfig: Setting CVar [[r.EyeAdaptationQuality:2]]
[2019.09.23-17.07.29:945][  0]LogConfig: Setting CVar [[r.BloomQuality:5]]
[2019.09.23-17.07.29:945][  0]LogConfig: Setting CVar [[r.FastBlurThreshold:100]]
[2019.09.23-17.07.29:945][  0]LogConfig: Setting CVar [[r.Upscale.Quality:3]]
[2019.09.23-17.07.29:945][  0]LogConfig: Setting CVar [[r.Tonemapper.GrainQuantization:1]]
[2019.09.23-17.07.29:945][  0]LogConfig: Setting CVar [[r.LightShaftQuality:1]]
[2019.09.23-17.07.29:945][  0]LogConfig: Setting CVar [[r.Filter.SizeScale:1]]
[2019.09.23-17.07.29:945][  0]LogConfig: Setting CVar [[r.Tonemapper.Quality:5]]
[2019.09.23-17.07.29:945][  0]LogConfig: Setting CVar [[r.DOF.Gather.AccumulatorQuality:1        ; higher gathering accumulator quality]]
[2019.09.23-17.07.29:945][  0]LogConfig: Setting CVar [[r.DOF.Gather.PostfilterMethod:1          ; Median3x3 postfilering method]]
[2019.09.23-17.07.29:945][  0]LogConfig: Setting CVar [[r.DOF.Gather.EnableBokehSettings:0       ; no bokeh simulation when gathering]]
[2019.09.23-17.07.29:945][  0]LogConfig: Setting CVar [[r.DOF.Gather.RingCount:4                 ; medium number of samples when gathering]]
[2019.09.23-17.07.29:945][  0]LogConfig: Setting CVar [[r.DOF.Scatter.ForegroundCompositing:1    ; additive foreground scattering]]
[2019.09.23-17.07.29:945][  0]LogConfig: Setting CVar [[r.DOF.Scatter.BackgroundCompositing:2    ; additive background scattering]]
[2019.09.23-17.07.29:945][  0]LogConfig: Setting CVar [[r.DOF.Scatter.EnableBokehSettings:1      ; bokeh simulation when scattering]]
[2019.09.23-17.07.29:945][  0]LogConfig: Setting CVar [[r.DOF.Scatter.MaxSpriteRatio:0.1         ; only a maximum of 10% of scattered bokeh]]
[2019.09.23-17.07.29:945][  0]LogConfig: Setting CVar [[r.DOF.Recombine.Quality:1                ; cheap slight out of focus]]
[2019.09.23-17.07.29:945][  0]LogConfig: Setting CVar [[r.DOF.Recombine.EnableBokehSettings:0    ; no bokeh simulation on slight out of focus]]
[2019.09.23-17.07.29:945][  0]LogConfig: Setting CVar [[r.DOF.TemporalAAQuality:1                ; more stable temporal accumulation]]
[2019.09.23-17.07.29:945][  0]LogConfig: Setting CVar [[r.DOF.Kernel.MaxForegroundRadius:0.025]]
[2019.09.23-17.07.29:945][  0]LogConfig: Setting CVar [[r.DOF.Kernel.MaxBackgroundRadius:0.025]]
[2019.09.23-17.07.29:945][  0]LogConfig: Applying CVar settings from Section [TextureQuality@3] File [C:/Users/User/Documents/Unreal Projects/Dhiraj_BomberMan 4.21/Saved/Config/Windows/Scalability.ini]
[2019.09.23-17.07.29:945][  0]LogConfig: Setting CVar [[r.Streaming.MipBias:0]]
[2019.09.23-17.07.29:945][  0]LogConfig: Setting CVar [[r.Streaming.AmortizeCPUToGPUCopy:0]]
[2019.09.23-17.07.29:945][  0]LogConfig: Setting CVar [[r.Streaming.MaxNumTexturesToStreamPerFrame:0]]
[2019.09.23-17.07.29:945][  0]LogConfig: Setting CVar [[r.Streaming.Boost:1]]
[2019.09.23-17.07.29:945][  0]LogConfig: Setting CVar [[r.MaxAnisotropy:8]]
[2019.09.23-17.07.29:945][  0]LogConfig: Setting CVar [[r.Streaming.LimitPoolSizeToVRAM:0]]
[2019.09.23-17.07.29:945][  0]LogConfig: Setting CVar [[r.Streaming.PoolSize:1000]]
[2019.09.23-17.07.29:945][  0]LogConfig: Setting CVar [[r.Streaming.MaxEffectiveScreenSize:0]]
[2019.09.23-17.07.29:945][  0]LogConfig: Applying CVar settings from Section [EffectsQuality@3] File [C:/Users/User/Documents/Unreal Projects/Dhiraj_BomberMan 4.21/Saved/Config/Windows/Scalability.ini]
[2019.09.23-17.07.29:945][  0]LogConfig: Setting CVar [[r.TranslucencyLightingVolumeDim:64]]
[2019.09.23-17.07.29:945][  0]LogConfig: Setting CVar [[r.RefractionQuality:2]]
[2019.09.23-17.07.29:945][  0]LogConfig: Setting CVar [[r.SSR.Quality:3]]
[2019.09.23-17.07.29:945][  0]LogConfig: Setting CVar [[r.SceneColorFormat:4]]
[2019.09.23-17.07.29:945][  0]LogConfig: Setting CVar [[r.DetailMode:2]]
[2019.09.23-17.07.29:945][  0]LogConfig: Setting CVar [[r.TranslucencyVolumeBlur:1]]
[2019.09.23-17.07.29:945][  0]LogConfig: Setting CVar [[r.MaterialQualityLevel:1 ; High quality]]
[2019.09.23-17.07.29:945][  0]LogConfig: Setting CVar [[r.SSS.Scale:1]]
[2019.09.23-17.07.29:945][  0]LogConfig: Setting CVar [[r.SSS.SampleSet:2]]
[2019.09.23-17.07.29:945][  0]LogConfig: Setting CVar [[r.SSS.Quality:1]]
[2019.09.23-17.07.29:945][  0]LogConfig: Setting CVar [[r.SSS.HalfRes:1]]
[2019.09.23-17.07.29:945][  0]LogConfig: Setting CVar [[r.EmitterSpawnRateScale:1.0]]
[2019.09.23-17.07.29:945][  0]LogConfig: Setting CVar [[r.ParticleLightQuality:2]]
[2019.09.23-17.07.29:945][  0]LogConfig: Applying CVar settings from Section [FoliageQuality@3] File [C:/Users/User/Documents/Unreal Projects/Dhiraj_BomberMan 4.21/Saved/Config/Windows/Scalability.ini]
[2019.09.23-17.07.29:945][  0]LogConfig: Setting CVar [[foliage.DensityScale:1.0]]
[2019.09.23-17.07.29:945][  0]LogConfig: Setting CVar [[grass.DensityScale:1.0]]
[2019.09.23-17.07.29:945][  0]LogConfig: Applying CVar settings from Section [Startup] File [../../../Engine/Config/ConsoleVariables.ini]
[2019.09.23-17.07.29:946][  0]LogConfig: Setting CVar [[net.UseAdaptiveNetUpdateFrequency:0]]
[2019.09.23-17.07.29:946][  0]LogConfig: Applying CVar settings from Section [ConsoleVariables] File [C:/Users/User/Documents/Unreal Projects/Dhiraj_BomberMan 4.21/Saved/Config/Windows/Engine.ini]
[2019.09.23-17.07.29:946][  0]LogInit: Computer: DESKTOP-HREORVJ
[2019.09.23-17.07.29:946][  0]LogInit: User: User
[2019.09.23-17.07.29:946][  0]LogInit: CPU Page size=4096, Cores=8
[2019.09.23-17.07.29:946][  0]LogInit: High frequency timer resolution =10.000000 MHz
[2019.09.23-17.07.29:946][  0]LogMemory: Memory total: Physical=31.9GB (32GB approx)
[2019.09.23-17.07.29:946][  0]LogMemory: Platform Memory Stats for Windows
[2019.09.23-17.07.29:946][  0]LogMemory: Process Physical Memory: 103.53 MB used, 103.54 MB peak
[2019.09.23-17.07.29:946][  0]LogMemory: Process Virtual Memory: 92.98 MB used, 92.98 MB peak
[2019.09.23-17.07.29:946][  0]LogMemory: Physical Memory: 5847.39 MB used,  26854.83 MB free, 32702.22 MB total
[2019.09.23-17.07.29:946][  0]LogMemory: Virtual Memory: 4684.71 MB used,  134213040.00 MB free, 134217728.00 MB total
[2019.09.23-17.07.29:952][  0]LogInit: Using OS detected language (en-US).
[2019.09.23-17.07.29:952][  0]LogInit: Using OS detected locale (en-IN).
[2019.09.23-17.07.29:953][  0]LogTextLocalizationManager: No specific localization for 'en-US' exists, so the 'en' localization will be used.
[2019.09.23-17.07.30:189][  0]LogStreaming: Display: Took  0.237s to InitEngineTextLocalization.
[2019.09.23-17.07.30:190][  0]LogInit: Setting process to per monitor DPI aware
[2019.09.23-17.07.30:208][  0]LogSlate: New Slate User Created.  User Index 0, Is Virtual User: 0
[2019.09.23-17.07.30:208][  0]LogSlate: Slate User Registered.  User Index 0, Is Virtual User: 0
[2019.09.23-17.07.30:315][  0]LogHMD: Failed to initialize OpenVR with code 110
[2019.09.23-17.07.30:315][  0]LogD3D11RHI: D3D11 adapters:
[2019.09.23-17.07.30:366][  0]LogD3D11RHI:    0. 'NVIDIA GeForce RTX 2080' (Feature Level 11_0)
[2019.09.23-17.07.30:366][  0]LogD3D11RHI:       8010/0/16351 MB DedicatedVideo/DedicatedSystem/SharedSystem, Outputs:1, VendorId:0x10de
[2019.09.23-17.07.30:367][  0]LogD3D11RHI:    1. 'Microsoft Basic Render Driver' (Feature Level 11_0)
[2019.09.23-17.07.30:367][  0]LogD3D11RHI:       0/0/16351 MB DedicatedVideo/DedicatedSystem/SharedSystem, Outputs:0, VendorId:0x1414
[2019.09.23-17.07.30:367][  0]LogD3D11RHI: Chosen D3D11 Adapter: 0
[2019.09.23-17.07.30:371][  0]LogD3D11RHI: Creating new Direct3DDevice
[2019.09.23-17.07.30:371][  0]LogD3D11RHI:     GPU DeviceId: 0x1e82 (for the marketing name, search the web for "GPU Device Id")
[2019.09.23-17.07.30:371][  0]LogWindows: EnumDisplayDevices:
[2019.09.23-17.07.30:372][  0]LogWindows:    0. 'NVIDIA GeForce RTX 2080' (P:1 D:1)
[2019.09.23-17.07.30:372][  0]LogWindows:    1. 'NVIDIA GeForce RTX 2080' (P:0 D:0)
[2019.09.23-17.07.30:372][  0]LogWindows:    2. 'NVIDIA GeForce RTX 2080' (P:0 D:0)
[2019.09.23-17.07.30:372][  0]LogWindows:    3. 'NVIDIA GeForce RTX 2080' (P:0 D:0)
[2019.09.23-17.07.30:372][  0]LogWindows: DebugString: FoundDriverCount:4 
[2019.09.23-17.07.30:372][  0]LogD3D11RHI:     Adapter Name: NVIDIA GeForce RTX 2080
[2019.09.23-17.07.30:372][  0]LogD3D11RHI:   Driver Version: 419.67 (internal:25.21.14.1967, unified:419.67)
[2019.09.23-17.07.30:372][  0]LogD3D11RHI:      Driver Date: 3-17-2019
[2019.09.23-17.07.30:372][  0]LogRHI: Texture pool is 5607 MB (70% of 8010 MB)
[2019.09.23-17.07.30:401][  0]LogD3D11RHI: Async texture creation enabled
[2019.09.23-17.07.30:416][  0]LogD3D11RHI: GPU Timing Frequency: 1000.000000 (Debug: 2 2)
[2019.09.23-17.07.30:630][  0]LogTemp: Display: Loaded TP AllDesktopTargetPlatform
[2019.09.23-17.07.30:638][  0]LogTemp: Display: Loaded TP MacClientTargetPlatform
[2019.09.23-17.07.30:647][  0]LogTemp: Display: Loaded TP MacNoEditorTargetPlatform
[2019.09.23-17.07.30:655][  0]LogTemp: Display: Loaded TP MacServerTargetPlatform
[2019.09.23-17.07.30:663][  0]LogTemp: Display: Loaded TP MacTargetPlatform
[2019.09.23-17.07.30:672][  0]LogTemp: Display: Loaded TP WindowsClientTargetPlatform
[2019.09.23-17.07.30:680][  0]LogTemp: Display: Loaded TP WindowsNoEditorTargetPlatform
[2019.09.23-17.07.30:688][  0]LogTemp: Display: Loaded TP WindowsServerTargetPlatform
[2019.09.23-17.07.30:692][  0]LogTemp: Display: Loaded TP WindowsTargetPlatform
[2019.09.23-17.07.30:739][  0]LogTemp: Display: Loaded TP AndroidTargetPlatform
[2019.09.23-17.07.30:739][  0]LogTemp: Display: Loaded TP AndroidTargetPlatform
[2019.09.23-17.07.30:739][  0]LogTemp: Display: Loaded TP AndroidTargetPlatform
[2019.09.23-17.07.30:739][  0]LogTemp: Display: Loaded TP AndroidTargetPlatform
[2019.09.23-17.07.30:739][  0]LogTemp: Display: Loaded TP AndroidTargetPlatform
[2019.09.23-17.07.30:739][  0]LogTemp: Display: Loaded TP AndroidTargetPlatform
[2019.09.23-17.07.30:739][  0]LogTemp: Display: Loaded TP AndroidTargetPlatform
[2019.09.23-17.07.30:739][  0]LogTemp: Display: Loaded TP AndroidTargetPlatform
[2019.09.23-17.07.30:739][  0]LogTemp: Display: Loaded TP AndroidTargetPlatform
[2019.09.23-17.07.30:739][  0]LogTemp: Display: Loaded TP AndroidTargetPlatform
[2019.09.23-17.07.30:739][  0]LogTemp: Display: Loaded TP AndroidTargetPlatform
[2019.09.23-17.07.30:739][  0]LogTemp: Display: Loaded TP AndroidTargetPlatform
[2019.09.23-17.07.30:739][  0]LogTemp: Display: Loaded TP AndroidTargetPlatform
[2019.09.23-17.07.30:739][  0]LogTemp: Display: Loaded TP AndroidTargetPlatform
[2019.09.23-17.07.30:739][  0]LogTemp: Display: Loaded TP AndroidTargetPlatform
[2019.09.23-17.07.30:740][  0]LogTemp: Display: Loaded TP AndroidTargetPlatform
[2019.09.23-17.07.30:740][  0]LogTemp: Display: Loaded TP AndroidTargetPlatform
[2019.09.23-17.07.30:740][  0]LogTemp: Display: Loaded TP AndroidTargetPlatform
[2019.09.23-17.07.30:740][  0]LogTemp: Display: Loaded TP HTML5TargetPlatform
[2019.09.23-17.07.30:790][  0]LogTemp: Display: Loaded TP IOSTargetPlatform
[2019.09.23-17.07.30:790][  0]LogTemp: Display: Loaded TP IOSTargetPlatform
[2019.09.23-17.07.30:804][  0]LogTemp: Display: Loaded TP TVOSTargetPlatform
[2019.09.23-17.07.30:804][  0]LogTemp: Display: Loaded TP TVOSTargetPlatform
[2019.09.23-17.07.30:812][  0]LogTemp: Display: Loaded TP LinuxClientTargetPlatform
[2019.09.23-17.07.30:819][  0]LogTemp: Display: Loaded TP LinuxNoEditorTargetPlatform
[2019.09.23-17.07.30:827][  0]LogTemp: Display: Loaded TP LinuxServerTargetPlatform
[2019.09.23-17.07.30:834][  0]LogTemp: Display: Loaded TP LinuxTargetPlatform
[2019.09.23-17.07.30:863][  0]LogTemp: Display: Loaded TP LuminTargetPlatform
[2019.09.23-17.07.30:863][  0]LogTemp: Display: Loaded TP LuminTargetPlatform
[2019.09.23-17.07.30:863][  0]LogTargetPlatformManager: Display: Building Assets For Windows
[2019.09.23-17.07.30:891][  0]LogShaderCompilers: Guid format shader working directory is -31 characters bigger than the processId version (../../../../../../Users/User/Documents/Unreal Projects/Dhiraj_BomberMan 4.21/Intermediate/Shaders/WorkingDirectory/6936/).
[2019.09.23-17.07.30:891][  0]LogShaderCompilers: Cleaned the shader compiler working directory 'C:/Users/User/AppData/Local/Temp/UnrealShaderWorkingDir/F67933E54D23C11A3A693A9F15978320/'.
[2019.09.23-17.07.30:891][  0]LogXGEController: Cannot use XGE Controller as Incredibuild is not installed on this machine.
[2019.09.23-17.07.30:891][  0]LogShaderCompilers: Cannot use XGE Shader Compiler as Incredibuild is not installed on this machine.
[2019.09.23-17.07.30:891][  0]LogShaderCompilers: Display: Using Local Shader Compiler.
[2019.09.23-17.07.31:260][  0]LogDerivedDataCache: Display: Max Cache Size: 512 MB
[2019.09.23-17.07.31:305][  0]LogDerivedDataCache: Loaded boot cache 0.04s 71MB C:/Users/User/AppData/Local/UnrealEngine/4.21/DerivedDataCache/Boot.ddc.
[2019.09.23-17.07.31:305][  0]LogDerivedDataCache: Display: Loaded Boot cache: C:/Users/User/AppData/Local/UnrealEngine/4.21/DerivedDataCache/Boot.ddc
[2019.09.23-17.07.31:305][  0]LogDerivedDataCache: FDerivedDataBackendGraph:  Pak pak cache file ../../../../../../Users/User/Documents/Unreal Projects/Dhiraj_BomberMan 4.21/DerivedDataCache/DDC.ddp not found, will not use a pak cache.
[2019.09.23-17.07.31:305][  0]LogDerivedDataCache: Unable to find inner node Pak for hierarchical cache Hierarchy.
[2019.09.23-17.07.31:305][  0]LogDerivedDataCache: FDerivedDataBackendGraph:  CompressedPak pak cache file ../../../../../../Users/User/Documents/Unreal Projects/Dhiraj_BomberMan 4.21/DerivedDataCache/Compressed.ddp not found, will not use a pak cache.
[2019.09.23-17.07.31:305][  0]LogDerivedDataCache: Unable to find inner node CompressedPak for hierarchical cache Hierarchy.
[2019.09.23-17.07.31:316][  0]LogDerivedDataCache: Display: Pak cache opened for reading ../../../Engine/DerivedDataCache/Compressed.ddp.
[2019.09.23-17.07.31:316][  0]LogDerivedDataCache: FDerivedDataBackendGraph:  EnterprisePak pak cache file ../../../Enterprise/DerivedDataCache/Compressed.ddp not found, will not use a pak cache.
[2019.09.23-17.07.31:316][  0]LogDerivedDataCache: Unable to find inner node EnterprisePak for hierarchical cache Hierarchy.
[2019.09.23-17.07.31:328][  0]LogDerivedDataCache: Using Local data cache path C:/Users/User/AppData/Local/UnrealEngine/Common/DerivedDataCache: Writable
[2019.09.23-17.07.31:328][  0]LogDerivedDataCache: Shared data cache path not found in *engine.ini, will not use an Shared cache.
[2019.09.23-17.07.31:328][  0]LogDerivedDataCache: Unable to find inner node Shared for hierarchical cache Hierarchy.
[2019.09.23-17.07.31:343][  0]LogMaterial: Verifying Global Shaders for PCD3D_SM5
[2019.09.23-17.07.31:344][  0]LogSlate: Using FreeType 2.6.0
[2019.09.23-17.07.31:344][  0]LogSlate: SlateFontServices - WITH_FREETYPE: 1, WITH_HARFBUZZ: 1
[2019.09.23-17.07.31:406][  0]LogAssetRegistry: FAssetRegistry took 0.0295 seconds to start up
[2019.09.23-17.07.31:603][  0]LogInit: Selected Device Profile: [Windows]
[2019.09.23-17.07.31:697][  0]LogSimplygon: Simplygon DLL not present - disabling.
[2019.09.23-17.07.31:698][  0]LogMeshReduction: Using SimplygonSwarm for distributed automatic mesh merging
[2019.09.23-17.07.31:698][  0]LogMeshReduction: Using ProxyLODMeshReduction for automatic mesh merging
[2019.09.23-17.07.31:698][  0]LogMeshReduction: Using QuadricMeshReduction for automatic static mesh reduction
[2019.09.23-17.07.31:698][  0]LogMeshReduction: No automatic skeletal mesh reduction module available
[2019.09.23-17.07.31:706][  0]LogNetVersion: Dhiraj_BomberMan 1.0.0, NetCL: 4541578, EngineNetVer: 5, GameNetVer: 0 (Checksum: 4151102925)
[2019.09.23-17.07.32:000][  0]LogPackageLocalizationCache: Processed 11 localized package path(s) for 2 prioritized culture(s) in 0.042816 seconds
[2019.09.23-17.07.32:003][  0]LogUObjectArray: 39775 objects as part of root set at end of initial load.
[2019.09.23-17.07.32:003][  0]LogUObjectAllocator: 6914656 out of 0 bytes used by permanent object pool.
[2019.09.23-17.07.32:003][  0]LogUObjectArray: CloseDisregardForGC: 0/0 objects in disregard for GC pool
[2019.09.23-17.07.32:526][  0]LogTcpMessaging: Initializing TcpMessaging bridge
[2019.09.23-17.07.32:539][  0]LogUdpMessaging: Initializing bridge on interface 0.0.0.0:0 to multicast group 230.0.0.1:6666.
[2019.09.23-17.07.32:972][  0]SourceControl: Source control is disabled
[2019.09.23-17.07.32:972][  0]SourceControl: Source control is disabled
[2019.09.23-17.07.32:973][  0]SourceControl: Source control is disabled
[2019.09.23-17.07.32:973][  0]SourceControl: Source control is disabled
[2019.09.23-17.07.33:099][  0]LogAndroidPermission: UAndroidPermissionCallbackProxy::GetInstance
[2019.09.23-17.07.33:144][  0]LogOcInput: OculusInput pre-init called
[2019.09.23-17.07.33:261][  0]LogEngine: Initializing Engine...
[2019.09.23-17.07.33:261][  0]LogHMD: Failed to initialize OpenVR with code 110
[2019.09.23-17.07.33:262][  0]LogStats: UGameplayTagsManager::ConstructGameplayTagTree: ImportINI prefixes -  0.000 s
[2019.09.23-17.07.33:262][  0]LogStats: UGameplayTagsManager::ConstructGameplayTagTree: Construct from data asset -  0.000 s
[2019.09.23-17.07.33:262][  0]LogStats: UGameplayTagsManager::ConstructGameplayTagTree: ImportINI -  0.000 s
[2019.09.23-17.07.33:262][  0]LogStats: UGameplayTagsManager::ConstructGameplayTagTree: GameplayTagTreeChangedEvent.Broadcast -  0.000 s
[2019.09.23-17.07.33:414][  0]LogInit: Initializing FReadOnlyCVARCache
[2019.09.23-17.07.33:421][  0]LogAIModule: Creating AISystem for world Untitled
[2019.09.23-17.07.33:432][  0]LogInit: XAudio2 using 'Headphones (4- High Definition Audio Device)' : 2 channels at 48 kHz using 32 bits per sample (channel mask 0x3)
[2019.09.23-17.07.33:448][  0]LogInit: FAudioDevice initialized.
[2019.09.23-17.07.33:448][  0]LogNetVersion: Set ProjectVersion to 1.0.0.0. Version Checksum will be recalculated on next use.
[2019.09.23-17.07.33:479][  0]LogDerivedDataCache: Saved boot cache 0.03s 71MB C:/Users/User/AppData/Local/UnrealEngine/4.21/DerivedDataCache/Boot.ddc.
[2019.09.23-17.07.33:483][  0]LogInit: Texture streaming: Enabled
[2019.09.23-17.07.33:491][  0]LogEngineSessionManager: EngineSessionManager initialized
[2019.09.23-17.07.33:498][  0]LogInit: Transaction tracking system initialized
[2019.09.23-17.07.33:509][  0]BlueprintLog: New page: Editor Load
[2019.09.23-17.07.33:545][  0]LocalizationService: Localization service is disabled
[2019.09.23-17.07.33:835][  0]LogFileCache: Scanning file cache for directory 'C:/Users/User/Documents/Unreal Projects/Dhiraj_BomberMan 4.21/Content/' took 0.01s
[2019.09.23-17.07.33:835][  0]LogCook: Display: Max memory allowance for cook 16384mb min free memory 0mb
[2019.09.23-17.07.33:835][  0]LogCook: Display: Mobile HDR setting 1
[2019.09.23-17.07.33:835][  0]LogGameplayTags: Display: UGameplayTagsManager::DoneAddingNativeTags. DelegateIsBound: 0
[2019.09.23-17.07.33:835][  0]LogStats: UGameplayTagsManager::ConstructGameplayTagTree: ImportINI prefixes -  0.000 s
[2019.09.23-17.07.33:835][  0]LogStats: UGameplayTagsManager::ConstructGameplayTagTree: Construct from data asset -  0.000 s
[2019.09.23-17.07.33:835][  0]LogStats: UGameplayTagsManager::ConstructGameplayTagTree: ImportINI -  0.000 s
[2019.09.23-17.07.33:835][  0]LogStats: UGameplayTagsManager::ConstructGameplayTagTree: GameplayTagTreeChangedEvent.Broadcast -  0.000 s
[2019.09.23-17.07.33:902][  0]SourceControl: Source control is disabled
[2019.09.23-17.07.33:902][  0]Cmd: MAP LOAD FILE="../../../../../../Users/User/Documents/Unreal Projects/Dhiraj_BomberMan 4.21/Content/StarterContent/Maps/Minimal_Default.umap" TEMPLATE=0 SHOWPROGRESS=1 FEATURELEVEL=3
[2019.09.23-17.07.33:903][  0]LightingResults: New page: Lighting Build
[2019.09.23-17.07.33:904][  0]MapCheck: New page: Map Check
[2019.09.23-17.07.33:904][  0]LightingResults: New page: Lighting Build
[2019.09.23-17.07.34:050][  0]LogAIModule: Creating AISystem for world Minimal_Default
[2019.09.23-17.07.34:054][  0]LogEditorServer: Finished looking for orphan Actors (0.000 secs)
[2019.09.23-17.07.34:079][  0]Cmd: MAP CHECKDEP NOCLEARLOG
[2019.09.23-17.07.34:079][  0]MapCheck: Map check complete: 0 Error(s), 0 Warning(s), took 0.104ms to complete.
[2019.09.23-17.07.34:079][  0]LogFileHelpers: Loading map 'Minimal_Default' took 0.176
[2019.09.23-17.07.34:157][  0]LogSlate: Updating window title bar state: overlay mode, drag disabled, window buttons hidden, title bar hidden
[2019.09.23-17.07.34:162][  0]LogSlate: Updating window title bar state: overlay mode, drag disabled, window buttons hidden, title bar hidden
[2019.09.23-17.07.34:166][  0]LogSlate: Updating window title bar state: overlay mode, drag disabled, window buttons hidden, title bar hidden
[2019.09.23-17.07.34:170][  0]LogSlate: Updating window title bar state: overlay mode, drag disabled, window buttons hidden, title bar hidden
[2019.09.23-17.07.34:174][  0]LogCollectionManager: Loaded 0 collections in 0.000841 seconds
[2019.09.23-17.07.34:208][  0]LogFileCache: Scanning file cache for directory 'C:/Users/User/Documents/Unreal Projects/Dhiraj_BomberMan 4.21/Saved/Collections/' took 0.01s
[2019.09.23-17.07.34:208][  0]LogFileCache: Scanning file cache for directory 'C:/Users/User/Documents/Unreal Projects/Dhiraj_BomberMan 4.21/Content/Developers/User/Collections/' took 0.01s
[2019.09.23-17.07.34:208][  0]LogFileCache: Scanning file cache for directory 'C:/Users/User/Documents/Unreal Projects/Dhiraj_BomberMan 4.21/Content/Collections/' took 0.00s
[2019.09.23-17.07.34:208][  0]LogCollectionManager: Rebuilt the GUID cache for 0 collections in 0.000001 seconds
[2019.09.23-17.07.34:225][  0]LogContentBrowser: Native class hierarchy populated in 0.0159 seconds. Added 2651 classes and 620 folders.
[2019.09.23-17.07.34:231][  0]LogContentBrowser: Native class hierarchy updated for 'WidgetCarousel' in 0.0003 seconds. Added 0 classes and 0 folders.
[2019.09.23-17.07.34:232][  0]LogPakFile: Registered encryption key '00000000000000000000000000000000': 0 pak files mounted, 0 remain pending
[2019.09.23-17.07.34:232][  0]LogPakFile: Registered encryption key '00000000000000000000000000000000': 0 pak files mounted, 0 remain pending
[2019.09.23-17.07.34:233][  0]LogPakFile: Registered encryption key '00000000000000000000000000000000': 0 pak files mounted, 0 remain pending
[2019.09.23-17.07.34:233][  0]LogPakFile: Registered encryption key '00000000000000000000000000000000': 0 pak files mounted, 0 remain pending
[2019.09.23-17.07.34:234][  0]LogPakFile: Registered encryption key '00000000000000000000000000000000': 0 pak files mounted, 0 remain pending
[2019.09.23-17.07.34:234][  0]LogPakFile: Registered encryption key '00000000000000000000000000000000': 0 pak files mounted, 0 remain pending
[2019.09.23-17.07.34:235][  0]LogPakFile: Registered encryption key '00000000000000000000000000000000': 0 pak files mounted, 0 remain pending
[2019.09.23-17.07.34:235][  0]LogPakFile: Registered encryption key '00000000000000000000000000000000': 0 pak files mounted, 0 remain pending
[2019.09.23-17.07.34:235][  0]LogPakFile: Registered encryption key '00000000000000000000000000000000': 0 pak files mounted, 0 remain pending
[2019.09.23-17.07.34:236][  0]LogPakFile: Registered encryption key '00000000000000000000000000000000': 0 pak files mounted, 0 remain pending
[2019.09.23-17.07.34:236][  0]LogPakFile: Registered encryption key '00000000000000000000000000000000': 0 pak files mounted, 0 remain pending
[2019.09.23-17.07.34:236][  0]LogPakFile: Registered encryption key '00000000000000000000000000000000': 0 pak files mounted, 0 remain pending
[2019.09.23-17.07.34:237][  0]LogPakFile: Registered encryption key '00000000000000000000000000000000': 0 pak files mounted, 0 remain pending
[2019.09.23-17.07.34:237][  0]LogPakFile: Registered encryption key '00000000000000000000000000000000': 0 pak files mounted, 0 remain pending
[2019.09.23-17.07.34:238][  0]LogPakFile: Registered encryption key '00000000000000000000000000000000': 0 pak files mounted, 0 remain pending
[2019.09.23-17.07.34:238][  0]LogPakFile: Registered encryption key '00000000000000000000000000000000': 0 pak files mounted, 0 remain pending
[2019.09.23-17.07.34:238][  0]LogPakFile: Registered encryption key '00000000000000000000000000000000': 0 pak files mounted, 0 remain pending
[2019.09.23-17.07.34:239][  0]LogPakFile: Registered encryption key '00000000000000000000000000000000': 0 pak files mounted, 0 remain pending
[2019.09.23-17.07.34:239][  0]LogPakFile: Registered encryption key '00000000000000000000000000000000': 0 pak files mounted, 0 remain pending
[2019.09.23-17.07.34:239][  0]LogPakFile: Registered encryption key '00000000000000000000000000000000': 0 pak files mounted, 0 remain pending
[2019.09.23-17.07.34:240][  0]LogPakFile: Registered encryption key '00000000000000000000000000000000': 0 pak files mounted, 0 remain pending
[2019.09.23-17.07.34:240][  0]LogPakFile: Registered encryption key '00000000000000000000000000000000': 0 pak files mounted, 0 remain pending
[2019.09.23-17.07.34:240][  0]LogPakFile: Registered encryption key '00000000000000000000000000000000': 0 pak files mounted, 0 remain pending
[2019.09.23-17.07.34:241][  0]LogPakFile: Registered encryption key '00000000000000000000000000000000': 0 pak files mounted, 0 remain pending
[2019.09.23-17.07.34:241][  0]LogPakFile: Registered encryption key '00000000000000000000000000000000': 0 pak files mounted, 0 remain pending
[2019.09.23-17.07.34:241][  0]LogPakFile: Registered encryption key '00000000000000000000000000000000': 0 pak files mounted, 0 remain pending
[2019.09.23-17.07.34:255][  0]LogContentBrowser: Native class hierarchy updated for 'AddContentDialog' in 0.0002 seconds. Added 0 classes and 0 folders.
[2019.09.23-17.07.34:258][  0]LogContentBrowser: Native class hierarchy updated for 'SceneOutliner' in 0.0002 seconds. Added 1 classes and 2 folders.
[2019.09.23-17.07.34:268][  0]LogSlate: Took 0.000116 seconds to synchronously load lazily loaded font '../../../Engine/Content/Slate/Fonts/Roboto-Regular.ttf' (155K)
[2019.09.23-17.07.34:269][  0]LogSlate: Took 0.000087 seconds to synchronously load lazily loaded font '../../../Engine/Content/Slate/Fonts/Roboto-Bold.ttf' (160K)
[2019.09.23-17.07.34:272][  0]LogSlate: Took 0.000092 seconds to synchronously load lazily loaded font '../../../Engine/Content/Editor/Slate/Fonts/FontAwesome.ttf' (139K)
[2019.09.23-17.07.34:320][  0]LogRenderer: Reallocating scene render targets to support 1208x576 Format 10 NumSamples 1 (Frame:1).
[2019.09.23-17.07.34:388][  0]LogSlate: FSceneViewport::OnFocusLost() reason 2
[2019.09.23-17.07.34:396][  0]LogSlate: Window 'Tutorials' being destroyed
[2019.09.23-17.07.34:422][  0]LogContentBrowser: Native class hierarchy updated for 'HierarchicalLODOutliner' in 0.0002 seconds. Added 0 classes and 0 folders.
[2019.09.23-17.07.34:422][  0]LogLoad: (Engine Initialization) Total time: 5.94 seconds
[2019.09.23-17.07.34:422][  0]LogLoad: (Engine Initialization) Total Blueprint compile time: 0.00 seconds
[2019.09.23-17.07.34:476][  0]LogContentStreaming: Texture pool size now 1000 MB
[2019.09.23-17.07.34:563][  1]LogAssetRegistry: Asset discovery search completed in 3.1798 seconds
[2019.09.23-17.07.34:564][  1]LogCollectionManager: Rebuilt the object cache for 0 collections in 0.000000 seconds (found 0 objects)
[2019.09.23-17.07.34:564][  1]LogCollectionManager: Fixed up redirectors for 0 collections in 0.000028 seconds (updated 0 objects)
[2019.09.23-17.07.35:959][158]LogSlate: FSceneViewport::OnFocusLost() reason 0
[2019.09.23-17.07.36:084][173]LogTemp: Repeating last play command: Selected Viewport
[2019.09.23-17.07.36:093][173]LogBlueprintUserMessages: Early PlayInEditor Detection: Level '/Game/StarterContent/Maps/Minimal_Default.Minimal_Default:PersistentLevel' has LevelScriptBlueprint '/Game/StarterContent/Maps/Minimal_Default.Minimal_Default:PersistentLevel.Minimal_Default' with GeneratedClass '/Game/StarterContent/Maps/Minimal_Default.Minimal_Default_C' with ClassGeneratedBy '/Game/StarterContent/Maps/Minimal_Default.Minimal_Default:PersistentLevel.Minimal_Default'
[2019.09.23-17.07.36:093][173]LogPlayLevel: PlayLevel: No blueprints needed recompiling
[2019.09.23-17.07.36:093][173]PIE: New page: PIE session: Minimal_Default (24-Sep-2019 4:07:36 am)
[2019.09.23-17.07.36:106][173]LogPlayLevel: Creating play world package: /Game/StarterContent/Maps/UEDPIE_0_Minimal_Default
[2019.09.23-17.07.36:109][173]LogPlayLevel: PIE: StaticDuplicateObject took: (0.003104s)
[2019.09.23-17.07.36:109][173]LogAIModule: Creating AISystem for world Minimal_Default
[2019.09.23-17.07.36:110][173]LogPlayLevel: PIE: World Init took: (0.000444s)
[2019.09.23-17.07.36:110][173]LogPlayLevel: PIE: Created PIE world by copying editor world from /Game/StarterContent/Maps/Minimal_Default.Minimal_Default to /Game/StarterContent/Maps/UEDPIE_0_Minimal_Default.Minimal_Default (0.003707s)
[2019.09.23-17.07.36:139][173]LogInit: XAudio2 using 'Headphones (4- High Definition Audio Device)' : 2 channels at 48 kHz using 32 bits per sample (channel mask 0x3)
[2019.09.23-17.07.36:145][173]LogInit: FAudioDevice initialized.
[2019.09.23-17.07.36:183][173]LogLoad: Game class is 'GameModeBase'
[2019.09.23-17.07.36:184][173]LogWorld: Bringing World /Game/StarterContent/Maps/UEDPIE_0_Minimal_Default.Minimal_Default up for play (max tick rate 0) at 2019.09.23-22.37.36
[2019.09.23-17.07.36:184][173]LogWorld: Bringing up level for play took: 0.000498
[2019.09.23-17.07.36:198][173]LogContentBrowser: Native class hierarchy updated for 'MovieSceneCapture' in 0.0002 seconds. Added 20 classes and 0 folders.
[2019.09.23-17.07.36:198][173]PIE: Play in editor start time for /Game/StarterContent/Maps/UEDPIE_0_Minimal_Default -0.887
[2019.09.23-17.07.36:198][173]LogBlueprintUserMessages: Late PlayInEditor Detection: Level '/Game/StarterContent/Maps/Minimal_Default.Minimal_Default:PersistentLevel' has LevelScriptBlueprint '/Game/StarterContent/Maps/Minimal_Default.Minimal_Default:PersistentLevel.Minimal_Default' with GeneratedClass '/Game/StarterContent/Maps/Minimal_Default.Minimal_Default_C' with ClassGeneratedBy '/Game/StarterContent/Maps/Minimal_Default.Minimal_Default:PersistentLevel.Minimal_Default'
[2019.09.23-17.07.38:559][454]LogSlate: Took 0.000072 seconds to synchronously load lazily loaded font '../../../Engine/Content/Slate/Fonts/Roboto-Light.ttf' (167K)
[2019.09.23-17.07.47:580][536]LogBlueprintUserMessages: Early EndPlayMap Detection: Level '/Game/StarterContent/Maps/Minimal_Default.Minimal_Default:PersistentLevel' has LevelScriptBlueprint '/Game/StarterContent/Maps/Minimal_Default.Minimal_Default:PersistentLevel.Minimal_Default' with GeneratedClass '/Game/StarterContent/Maps/Minimal_Default.Minimal_Default_C' with ClassGeneratedBy '/Game/StarterContent/Maps/Minimal_Default.Minimal_Default:PersistentLevel.Minimal_Default'
[2019.09.23-17.07.47:580][536]LogSlate: Updating window title bar state: overlay mode, drag disabled, window buttons hidden, title bar hidden
[2019.09.23-17.07.47:608][536]LogPlayLevel: Display: Shutting down PIE online subsystems
[2019.09.23-17.07.47:608][536]LogBlueprintUserMessages: Late EndPlayMap Detection: Level '/Game/StarterContent/Maps/Minimal_Default.Minimal_Default:PersistentLevel' has LevelScriptBlueprint '/Game/StarterContent/Maps/Minimal_Default.Minimal_Default:PersistentLevel.Minimal_Default' with GeneratedClass '/Game/StarterContent/Maps/Minimal_Default.Minimal_Default_C' with ClassGeneratedBy '/Game/StarterContent/Maps/Minimal_Default.Minimal_Default:PersistentLevel.Minimal_Default'
[2019.09.23-17.07.47:629][536]LogSlate: Updating window title bar state: overlay mode, drag disabled, window buttons hidden, title bar hidden
[2019.09.23-17.07.47:685][543]LogPlayLevel: Display: Destroying online subsystem :Context_1
[2019.09.23-17.07.51:471][997]LogTemp: Repeating last play command: Selected Viewport
[2019.09.23-17.07.51:480][997]LogBlueprintUserMessages: Early PlayInEditor Detection: Level '/Game/StarterContent/Maps/Minimal_Default.Minimal_Default:PersistentLevel' has LevelScriptBlueprint '/Game/StarterContent/Maps/Minimal_Default.Minimal_Default:PersistentLevel.Minimal_Default' with GeneratedClass '/Game/StarterContent/Maps/Minimal_Default.Minimal_Default_C' with ClassGeneratedBy '/Game/StarterContent/Maps/Minimal_Default.Minimal_Default:PersistentLevel.Minimal_Default'
[2019.09.23-17.07.51:480][997]LogPlayLevel: PlayLevel: No blueprints needed recompiling
[2019.09.23-17.07.51:480][997]PIE: New page: PIE session: Minimal_Default (24-Sep-2019 4:07:51 am)
[2019.09.23-17.07.51:480][997]LogPlayLevel: Creating play world package: /Game/StarterContent/Maps/UEDPIE_0_Minimal_Default
[2019.09.23-17.07.51:483][997]LogPlayLevel: PIE: StaticDuplicateObject took: (0.002616s)
[2019.09.23-17.07.51:483][997]LogAIModule: Creating AISystem for world Minimal_Default
[2019.09.23-17.07.51:483][997]LogPlayLevel: PIE: World Init took: (0.000375s)
[2019.09.23-17.07.51:483][997]LogPlayLevel: PIE: Created PIE world by copying editor world from /Game/StarterContent/Maps/Minimal_Default.Minimal_Default to /Game/StarterContent/Maps/UEDPIE_0_Minimal_Default.Minimal_Default (0.003069s)
[2019.09.23-17.07.51:513][997]LogInit: XAudio2 using 'Headphones (4- High Definition Audio Device)' : 2 channels at 48 kHz using 32 bits per sample (channel mask 0x3)
[2019.09.23-17.07.51:519][997]LogInit: FAudioDevice initialized.
[2019.09.23-17.07.51:549][997]LogLoad: Game class is 'GameModeBase'
[2019.09.23-17.07.51:550][997]LogWorld: Bringing World /Game/StarterContent/Maps/UEDPIE_0_Minimal_Default.Minimal_Default up for play (max tick rate 0) at 2019.09.23-22.37.51
[2019.09.23-17.07.51:550][997]LogWorld: Bringing up level for play took: 0.000461
[2019.09.23-17.07.51:561][997]PIE: Play in editor start time for /Game/StarterContent/Maps/UEDPIE_0_Minimal_Default 0.476
[2019.09.23-17.07.51:562][997]LogBlueprintUserMessages: Late PlayInEditor Detection: Level '/Game/StarterContent/Maps/Minimal_Default.Minimal_Default:PersistentLevel' has LevelScriptBlueprint '/Game/StarterContent/Maps/Minimal_Default.Minimal_Default:PersistentLevel.Minimal_Default' with GeneratedClass '/Game/StarterContent/Maps/Minimal_Default.Minimal_Default_C' with ClassGeneratedBy '/Game/StarterContent/Maps/Minimal_Default.Minimal_Default:PersistentLevel.Minimal_Default'
[2019.09.23-17.07.54:343][329]LogBlueprintUserMessages: Early EndPlayMap Detection: Level '/Game/StarterContent/Maps/Minimal_Default.Minimal_Default:PersistentLevel' has LevelScriptBlueprint '/Game/StarterContent/Maps/Minimal_Default.Minimal_Default:PersistentLevel.Minimal_Default' with GeneratedClass '/Game/StarterContent/Maps/Minimal_Default.Minimal_Default_C' with ClassGeneratedBy '/Game/StarterContent/Maps/Minimal_Default.Minimal_Default:PersistentLevel.Minimal_Default'
[2019.09.23-17.07.54:343][329]LogSlate: Updating window title bar state: overlay mode, drag disabled, window buttons hidden, title bar hidden
[2019.09.23-17.07.54:374][329]LogPlayLevel: Display: Shutting down PIE online subsystems
[2019.09.23-17.07.54:374][329]LogBlueprintUserMessages: Late EndPlayMap Detection: Level '/Game/StarterContent/Maps/Minimal_Default.Minimal_Default:PersistentLevel' has LevelScriptBlueprint '/Game/StarterContent/Maps/Minimal_Default.Minimal_Default:PersistentLevel.Minimal_Default' with GeneratedClass '/Game/StarterContent/Maps/Minimal_Default.Minimal_Default_C' with ClassGeneratedBy '/Game/StarterContent/Maps/Minimal_Default.Minimal_Default:PersistentLevel.Minimal_Default'
[2019.09.23-17.07.54:397][329]LogSlate: Updating window title bar state: overlay mode, drag disabled, window buttons hidden, title bar hidden
[2019.09.23-17.07.54:445][335]LogPlayLevel: Display: Destroying online subsystem :Context_2
[2019.09.23-17.07.55:788][492]LogEditorActor: Deleted Actor: AmbientSound
[2019.09.23-17.07.55:808][492]LogEditorActor: Deleted 1 Actors (0.021 secs)
[2019.09.23-17.07.57:095][647]LogTemp: Repeating last play command: Selected Viewport
[2019.09.23-17.07.57:104][647]LogBlueprintUserMessages: Early PlayInEditor Detection: Level '/Game/StarterContent/Maps/Minimal_Default.Minimal_Default:PersistentLevel' has LevelScriptBlueprint '/Game/StarterContent/Maps/Minimal_Default.Minimal_Default:PersistentLevel.Minimal_Default' with GeneratedClass '/Game/StarterContent/Maps/Minimal_Default.Minimal_Default_C' with ClassGeneratedBy '/Game/StarterContent/Maps/Minimal_Default.Minimal_Default:PersistentLevel.Minimal_Default'
[2019.09.23-17.07.57:104][647]LogPlayLevel: PlayLevel: No blueprints needed recompiling
[2019.09.23-17.07.57:104][647]PIE: New page: PIE session: Minimal_Default (24-Sep-2019 4:07:57 am)
[2019.09.23-17.07.57:104][647]LogPlayLevel: Creating play world package: /Game/StarterContent/Maps/UEDPIE_0_Minimal_Default
[2019.09.23-17.07.57:107][647]LogPlayLevel: PIE: StaticDuplicateObject took: (0.002738s)
[2019.09.23-17.07.57:107][647]LogAIModule: Creating AISystem for world Minimal_Default
[2019.09.23-17.07.57:107][647]LogPlayLevel: PIE: World Init took: (0.000416s)
[2019.09.23-17.07.57:107][647]LogPlayLevel: PIE: Created PIE world by copying editor world from /Game/StarterContent/Maps/Minimal_Default.Minimal_Default to /Game/StarterContent/Maps/UEDPIE_0_Minimal_Default.Minimal_Default (0.003233s)
[2019.09.23-17.07.57:137][647]LogInit: XAudio2 using 'Headphones (4- High Definition Audio Device)' : 2 channels at 48 kHz using 32 bits per sample (channel mask 0x3)
[2019.09.23-17.07.57:143][647]LogInit: FAudioDevice initialized.
[2019.09.23-17.07.57:171][647]LogLoad: Game class is 'GameModeBase'
[2019.09.23-17.07.57:172][647]LogWorld: Bringing World /Game/StarterContent/Maps/UEDPIE_0_Minimal_Default.Minimal_Default up for play (max tick rate 0) at 2019.09.23-22.37.57
[2019.09.23-17.07.57:172][647]LogWorld: Bringing up level for play took: 0.000448
[2019.09.23-17.07.57:183][647]PIE: Play in editor start time for /Game/StarterContent/Maps/UEDPIE_0_Minimal_Default 0.099
[2019.09.23-17.07.57:184][647]LogBlueprintUserMessages: Late PlayInEditor Detection: Level '/Game/StarterContent/Maps/Minimal_Default.Minimal_Default:PersistentLevel' has LevelScriptBlueprint '/Game/StarterContent/Maps/Minimal_Default.Minimal_Default:PersistentLevel.Minimal_Default' with GeneratedClass '/Game/StarterContent/Maps/Minimal_Default.Minimal_Default_C' with ClassGeneratedBy '/Game/StarterContent/Maps/Minimal_Default.Minimal_Default:PersistentLevel.Minimal_Default'
[2019.09.23-17.08.04:411][513]LogBlueprintUserMessages: Early EndPlayMap Detection: Level '/Game/StarterContent/Maps/Minimal_Default.Minimal_Default:PersistentLevel' has LevelScriptBlueprint '/Game/StarterContent/Maps/Minimal_Default.Minimal_Default:PersistentLevel.Minimal_Default' with GeneratedClass '/Game/StarterContent/Maps/Minimal_Default.Minimal_Default_C' with ClassGeneratedBy '/Game/StarterContent/Maps/Minimal_Default.Minimal_Default:PersistentLevel.Minimal_Default'
[2019.09.23-17.08.04:411][513]LogSlate: Updating window title bar state: overlay mode, drag disabled, window buttons hidden, title bar hidden
[2019.09.23-17.08.04:440][513]LogPlayLevel: Display: Shutting down PIE online subsystems
[2019.09.23-17.08.04:440][513]LogBlueprintUserMessages: Late EndPlayMap Detection: Level '/Game/StarterContent/Maps/Minimal_Default.Minimal_Default:PersistentLevel' has LevelScriptBlueprint '/Game/StarterContent/Maps/Minimal_Default.Minimal_Default:PersistentLevel.Minimal_Default' with GeneratedClass '/Game/StarterContent/Maps/Minimal_Default.Minimal_Default_C' with ClassGeneratedBy '/Game/StarterContent/Maps/Minimal_Default.Minimal_Default:PersistentLevel.Minimal_Default'
[2019.09.23-17.08.04:460][513]LogSlate: Updating window title bar state: overlay mode, drag disabled, window buttons hidden, title bar hidden
[2019.09.23-17.08.04:470][513]LogActorComponent: ReregisterComponent: (/Game/StarterContent/Maps/Minimal_Default.Minimal_Default:PersistentLevel.Starter_Background_Cue_2.AudioComponent0) Not currently registered. Aborting.
[2019.09.23-17.08.04:514][518]LogPlayLevel: Display: Destroying online subsystem :Context_3
[2019.09.23-17.08.12:417][466]LogSlate: FSceneViewport::OnFocusLost() reason 0
[2019.09.23-17.08.12:608][487]LogSlate: Took 0.000095 seconds to synchronously load lazily loaded font '../../../Engine/Content/Slate/Fonts/Roboto-Light.ttf' (167K)
[2019.09.23-17.08.12:612][487]LogAssetEditorManager: Opening Asset editor for Blueprint /Game/Blueprint/Player_1.Player_1
[2019.09.23-17.08.12:933][487]LogContentBrowser: Native class hierarchy updated for 'BlueprintGraph' in 0.0004 seconds. Added 117 classes and 0 folders.
[2019.09.23-17.08.13:451][487]LogSlate: Took 0.002850 seconds to synchronously load lazily loaded font '../../../Engine/Content/Slate/Fonts/Roboto-BoldCondensed.ttf' (158K)
[2019.09.23-17.08.13:502][488]LogSlate: Took 0.002895 seconds to synchronously load lazily loaded font '../../../Engine/Content/Slate/Fonts/Roboto-Italic.ttf' (157K)
[2019.09.23-17.08.18:395][ 71]LogSlate: Window 'Player_1' being destroyed
[2019.09.23-17.08.18:397][ 71]LogSlate: Window 'Player_1' being destroyed
[2019.09.23-17.08.21:801][472]LogSlate: FSceneViewport::OnFocusLost() reason 0
[2019.09.23-17.08.21:910][485]LogTemp: Repeating last play command: Selected Viewport
[2019.09.23-17.08.21:918][485]LogBlueprintUserMessages: Early PlayInEditor Detection: Level '/Game/StarterContent/Maps/Minimal_Default.Minimal_Default:PersistentLevel' has LevelScriptBlueprint '/Game/StarterContent/Maps/Minimal_Default.Minimal_Default:PersistentLevel.Minimal_Default' with GeneratedClass '/Game/StarterContent/Maps/Minimal_Default.Minimal_Default_C' with ClassGeneratedBy '/Game/StarterContent/Maps/Minimal_Default.Minimal_Default:PersistentLevel.Minimal_Default'
[2019.09.23-17.08.21:918][485]LogPlayLevel: PlayLevel: No blueprints needed recompiling
[2019.09.23-17.08.21:919][485]PIE: New page: PIE session: Minimal_Default (24-Sep-2019 4:08:21 am)
[2019.09.23-17.08.21:919][485]LogPlayLevel: Creating play world package: /Game/StarterContent/Maps/UEDPIE_0_Minimal_Default
[2019.09.23-17.08.21:921][485]LogPlayLevel: PIE: StaticDuplicateObject took: (0.002680s)
[2019.09.23-17.08.21:922][485]LogAIModule: Creating AISystem for world Minimal_Default
[2019.09.23-17.08.21:922][485]LogPlayLevel: PIE: World Init took: (0.000445s)
[2019.09.23-17.08.21:922][485]LogPlayLevel: PIE: Created PIE world by copying editor world from /Game/StarterContent/Maps/Minimal_Default.Minimal_Default to /Game/StarterContent/Maps/UEDPIE_0_Minimal_Default.Minimal_Default (0.003202s)
[2019.09.23-17.08.21:958][485]LogInit: XAudio2 using 'Headphones (4- High Definition Audio Device)' : 2 channels at 48 kHz using 32 bits per sample (channel mask 0x3)
[2019.09.23-17.08.21:964][485]LogInit: FAudioDevice initialized.
[2019.09.23-17.08.21:993][485]LogLoad: Game class is 'GameModeBase'
[2019.09.23-17.08.21:994][485]LogWorld: Bringing World /Game/StarterContent/Maps/UEDPIE_0_Minimal_Default.Minimal_Default up for play (max tick rate 0) at 2019.09.23-22.38.21
[2019.09.23-17.08.21:994][485]LogWorld: Bringing up level for play took: 0.000497
[2019.09.23-17.08.22:005][485]PIE: Play in editor start time for /Game/StarterContent/Maps/UEDPIE_0_Minimal_Default 0.921
[2019.09.23-17.08.22:006][485]LogBlueprintUserMessages: Late PlayInEditor Detection: Level '/Game/StarterContent/Maps/Minimal_Default.Minimal_Default:PersistentLevel' has LevelScriptBlueprint '/Game/StarterContent/Maps/Minimal_Default.Minimal_Default:PersistentLevel.Minimal_Default' with GeneratedClass '/Game/StarterContent/Maps/Minimal_Default.Minimal_Default_C' with ClassGeneratedBy '/Game/StarterContent/Maps/Minimal_Default.Minimal_Default:PersistentLevel.Minimal_Default'
[2019.09.23-17.08.24:882][829]LogBlueprintUserMessages: Early EndPlayMap Detection: Level '/Game/StarterContent/Maps/Minimal_Default.Minimal_Default:PersistentLevel' has LevelScriptBlueprint '/Game/StarterContent/Maps/Minimal_Default.Minimal_Default:PersistentLevel.Minimal_Default' with GeneratedClass '/Game/StarterContent/Maps/Minimal_Default.Minimal_Default_C' with ClassGeneratedBy '/Game/StarterContent/Maps/Minimal_Default.Minimal_Default:PersistentLevel.Minimal_Default'
[2019.09.23-17.08.24:882][829]LogSlate: Updating window title bar state: overlay mode, drag disabled, window buttons hidden, title bar hidden
[2019.09.23-17.08.24:915][829]LogPlayLevel: Display: Shutting down PIE online subsystems
[2019.09.23-17.08.24:915][829]LogBlueprintUserMessages: Late EndPlayMap Detection: Level '/Game/StarterContent/Maps/Minimal_Default.Minimal_Default:PersistentLevel' has LevelScriptBlueprint '/Game/StarterContent/Maps/Minimal_Default.Minimal_Default:PersistentLevel.Minimal_Default' with GeneratedClass '/Game/StarterContent/Maps/Minimal_Default.Minimal_Default_C' with ClassGeneratedBy '/Game/StarterContent/Maps/Minimal_Default.Minimal_Default:PersistentLevel.Minimal_Default'
[2019.09.23-17.08.24:936][829]LogSlate: Updating window title bar state: overlay mode, drag disabled, window buttons hidden, title bar hidden
[2019.09.23-17.08.24:940][829]LogActorComponent: ReregisterComponent: (/Game/StarterContent/Maps/Minimal_Default.Minimal_Default:PersistentLevel.Starter_Background_Cue_2.AudioComponent0) Not currently registered. Aborting.
[2019.09.23-17.08.24:985][835]LogPlayLevel: Display: Destroying online subsystem :Context_6
[2019.09.23-17.08.29:633][123]LogSlate: Window 'Delete Assets' being destroyed
[2019.09.23-17.08.31:044][292]LogAssetEditorManager: Opening Asset editor for Blueprint /Game/Blueprint/Player_1.Player_1
[2019.09.23-17.08.41:802][551]BlueprintLog: New page: Compile Player_1
[2019.09.23-17.08.43:564][746]LogTemp: Repeating last play command: Selected Viewport
[2019.09.23-17.08.43:578][746]LogBlueprintUserMessages: Early PlayInEditor Detection: Level '/Game/StarterContent/Maps/Minimal_Default.Minimal_Default:PersistentLevel' has LevelScriptBlueprint '/Game/StarterContent/Maps/Minimal_Default.Minimal_Default:PersistentLevel.Minimal_Default' with GeneratedClass '/Game/StarterContent/Maps/Minimal_Default.Minimal_Default_C' with ClassGeneratedBy '/Game/StarterContent/Maps/Minimal_Default.Minimal_Default:PersistentLevel.Minimal_Default'
[2019.09.23-17.08.43:578][746]LogPlayLevel: PlayLevel: No blueprints needed recompiling
[2019.09.23-17.08.43:578][746]PIE: New page: PIE session: Minimal_Default (24-Sep-2019 4:08:43 am)
[2019.09.23-17.08.43:578][746]LogPlayLevel: Creating play world package: /Game/StarterContent/Maps/UEDPIE_0_Minimal_Default
[2019.09.23-17.08.43:581][746]LogPlayLevel: PIE: StaticDuplicateObject took: (0.002685s)
[2019.09.23-17.08.43:581][746]LogAIModule: Creating AISystem for world Minimal_Default
[2019.09.23-17.08.43:581][746]LogPlayLevel: PIE: World Init took: (0.000401s)
[2019.09.23-17.08.43:581][746]LogPlayLevel: PIE: Created PIE world by copying editor world from /Game/StarterContent/Maps/Minimal_Default.Minimal_Default to /Game/StarterContent/Maps/UEDPIE_0_Minimal_Default.Minimal_Default (0.003160s)
[2019.09.23-17.08.43:610][746]LogInit: XAudio2 using 'Headphones (4- High Definition Audio Device)' : 2 channels at 48 kHz using 32 bits per sample (channel mask 0x3)
[2019.09.23-17.08.43:616][746]LogInit: FAudioDevice initialized.
[2019.09.23-17.08.43:643][746]LogLoad: Game class is 'GameModeBase'
[2019.09.23-17.08.43:644][746]LogWorld: Bringing World /Game/StarterContent/Maps/UEDPIE_0_Minimal_Default.Minimal_Default up for play (max tick rate 0) at 2019.09.23-22.38.43
[2019.09.23-17.08.43:644][746]LogWorld: Bringing up level for play took: 0.000498
[2019.09.23-17.08.43:659][746]PIE: Play in editor start time for /Game/StarterContent/Maps/UEDPIE_0_Minimal_Default 0.574
[2019.09.23-17.08.43:660][746]LogBlueprintUserMessages: Late PlayInEditor Detection: Level '/Game/StarterContent/Maps/Minimal_Default.Minimal_Default:PersistentLevel' has LevelScriptBlueprint '/Game/StarterContent/Maps/Minimal_Default.Minimal_Default:PersistentLevel.Minimal_Default' with GeneratedClass '/Game/StarterContent/Maps/Minimal_Default.Minimal_Default_C' with ClassGeneratedBy '/Game/StarterContent/Maps/Minimal_Default.Minimal_Default:PersistentLevel.Minimal_Default'
[2019.09.23-17.08.47:455][198]LogBlueprintUserMessages: Early EndPlayMap Detection: Level '/Game/StarterContent/Maps/Minimal_Default.Minimal_Default:PersistentLevel' has LevelScriptBlueprint '/Game/StarterContent/Maps/Minimal_Default.Minimal_Default:PersistentLevel.Minimal_Default' with GeneratedClass '/Game/StarterContent/Maps/Minimal_Default.Minimal_Default_C' with ClassGeneratedBy '/Game/StarterContent/Maps/Minimal_Default.Minimal_Default:PersistentLevel.Minimal_Default'
[2019.09.23-17.08.47:455][198]LogSlate: Updating window title bar state: overlay mode, drag disabled, window buttons hidden, title bar hidden
[2019.09.23-17.08.47:486][198]LogPlayLevel: Display: Shutting down PIE online subsystems
[2019.09.23-17.08.47:486][198]LogBlueprintUserMessages: Late EndPlayMap Detection: Level '/Game/StarterContent/Maps/Minimal_Default.Minimal_Default:PersistentLevel' has LevelScriptBlueprint '/Game/StarterContent/Maps/Minimal_Default.Minimal_Default:PersistentLevel.Minimal_Default' with GeneratedClass '/Game/StarterContent/Maps/Minimal_Default.Minimal_Default_C' with ClassGeneratedBy '/Game/StarterContent/Maps/Minimal_Default.Minimal_Default:PersistentLevel.Minimal_Default'
[2019.09.23-17.08.47:511][198]LogSlate: Updating window title bar state: overlay mode, drag disabled, window buttons hidden, title bar hidden
[2019.09.23-17.08.47:514][198]LogActorComponent: ReregisterComponent: (/Game/StarterContent/Maps/Minimal_Default.Minimal_Default:PersistentLevel.Starter_Background_Cue_2.AudioComponent0) Not currently registered. Aborting.
[2019.09.23-17.08.47:559][204]LogPlayLevel: Display: Destroying online subsystem :Context_10
[2019.09.23-17.08.48:126][272]LogEditorViewport: Clicking on Actor (LMB): Player_1_C (Player_1)
[2019.09.23-17.08.48:951][369]Cmd: DELETE
[2019.09.23-17.08.48:951][369]Cmd: ACTOR DELETE
[2019.09.23-17.08.48:953][369]LogEditorActor: Deleted Actor: Player_1_C
[2019.09.23-17.08.48:976][369]LogEditorActor: Deleted 1 Actors (0.025 secs)
[2019.09.23-17.08.52:301][768]LogSlate: FSceneViewport::OnFocusLost() reason 0
[2019.09.23-17.08.52:426][783]LogTemp: Repeating last play command: Selected Viewport
[2019.09.23-17.08.52:438][783]LogBlueprintUserMessages: Early PlayInEditor Detection: Level '/Game/StarterContent/Maps/Minimal_Default.Minimal_Default:PersistentLevel' has LevelScriptBlueprint '/Game/StarterContent/Maps/Minimal_Default.Minimal_Default:PersistentLevel.Minimal_Default' with GeneratedClass '/Game/StarterContent/Maps/Minimal_Default.Minimal_Default_C' with ClassGeneratedBy '/Game/StarterContent/Maps/Minimal_Default.Minimal_Default:PersistentLevel.Minimal_Default'
[2019.09.23-17.08.52:438][783]LogPlayLevel: PlayLevel: No blueprints needed recompiling
[2019.09.23-17.08.52:438][783]PIE: New page: PIE session: Minimal_Default (24-Sep-2019 4:08:52 am)
[2019.09.23-17.08.52:438][783]LogPlayLevel: Creating play world package: /Game/StarterContent/Maps/UEDPIE_0_Minimal_Default
[2019.09.23-17.08.52:441][783]LogPlayLevel: PIE: StaticDuplicateObject took: (0.002795s)
[2019.09.23-17.08.52:441][783]LogAIModule: Creating AISystem for world Minimal_Default
[2019.09.23-17.08.52:441][783]LogPlayLevel: PIE: World Init took: (0.000423s)
[2019.09.23-17.08.52:441][783]LogPlayLevel: PIE: Created PIE world by copying editor world from /Game/StarterContent/Maps/Minimal_Default.Minimal_Default to /Game/StarterContent/Maps/UEDPIE_0_Minimal_Default.Minimal_Default (0.003296s)
[2019.09.23-17.08.52:470][783]LogInit: XAudio2 using 'Headphones (4- High Definition Audio Device)' : 2 channels at 48 kHz using 32 bits per sample (channel mask 0x3)
[2019.09.23-17.08.52:476][783]LogInit: FAudioDevice initialized.
[2019.09.23-17.08.52:507][783]LogLoad: Game class is 'GameModeBase'
[2019.09.23-17.08.52:508][783]LogWorld: Bringing World /Game/StarterContent/Maps/UEDPIE_0_Minimal_Default.Minimal_Default up for play (max tick rate 0) at 2019.09.23-22.38.52
[2019.09.23-17.08.52:508][783]LogWorld: Bringing up level for play took: 0.000448
[2019.09.23-17.08.52:519][783]PIE: Play in editor start time for /Game/StarterContent/Maps/UEDPIE_0_Minimal_Default -0.566
[2019.09.23-17.08.52:519][783]LogBlueprintUserMessages: Late PlayInEditor Detection: Level '/Game/StarterContent/Maps/Minimal_Default.Minimal_Default:PersistentLevel' has LevelScriptBlueprint '/Game/StarterContent/Maps/Minimal_Default.Minimal_Default:PersistentLevel.Minimal_Default' with GeneratedClass '/Game/StarterContent/Maps/Minimal_Default.Minimal_Default_C' with ClassGeneratedBy '/Game/StarterContent/Maps/Minimal_Default.Minimal_Default:PersistentLevel.Minimal_Default'
[2019.09.23-17.08.59:012][559]LogSlate: FSceneViewport::OnFocusLost() reason 0
[2019.09.23-17.08.59:087][568]LogBlueprintUserMessages: Early EndPlayMap Detection: Level '/Game/StarterContent/Maps/Minimal_Default.Minimal_Default:PersistentLevel' has LevelScriptBlueprint '/Game/StarterContent/Maps/Minimal_Default.Minimal_Default:PersistentLevel.Minimal_Default' with GeneratedClass '/Game/StarterContent/Maps/Minimal_Default.Minimal_Default_C' with ClassGeneratedBy '/Game/StarterContent/Maps/Minimal_Default.Minimal_Default:PersistentLevel.Minimal_Default'
[2019.09.23-17.08.59:087][568]LogSlate: Updating window title bar state: overlay mode, drag disabled, window buttons hidden, title bar hidden
[2019.09.23-17.08.59:121][568]LogPlayLevel: Display: Shutting down PIE online subsystems
[2019.09.23-17.08.59:121][568]LogBlueprintUserMessages: Late EndPlayMap Detection: Level '/Game/StarterContent/Maps/Minimal_Default.Minimal_Default:PersistentLevel' has LevelScriptBlueprint '/Game/StarterContent/Maps/Minimal_Default.Minimal_Default:PersistentLevel.Minimal_Default' with GeneratedClass '/Game/StarterContent/Maps/Minimal_Default.Minimal_Default_C' with ClassGeneratedBy '/Game/StarterContent/Maps/Minimal_Default.Minimal_Default:PersistentLevel.Minimal_Default'
[2019.09.23-17.08.59:141][568]LogSlate: Updating window title bar state: overlay mode, drag disabled, window buttons hidden, title bar hidden
[2019.09.23-17.08.59:145][568]LogActorComponent: ReregisterComponent: (/Game/StarterContent/Maps/Minimal_Default.Minimal_Default:PersistentLevel.Starter_Background_Cue_2.AudioComponent0) Not currently registered. Aborting.
[2019.09.23-17.08.59:190][574]LogPlayLevel: Display: Destroying online subsystem :Context_11
[2019.09.23-17.09.01:851][891]LogSlate: FSceneViewport::OnFocusLost() reason 0
[2019.09.23-17.09.01:991][908]LogTemp: Repeating last play command: Selected Viewport
[2019.09.23-17.09.02:001][908]LogBlueprintUserMessages: Early PlayInEditor Detection: Level '/Game/StarterContent/Maps/Minimal_Default.Minimal_Default:PersistentLevel' has LevelScriptBlueprint '/Game/StarterContent/Maps/Minimal_Default.Minimal_Default:PersistentLevel.Minimal_Default' with GeneratedClass '/Game/StarterContent/Maps/Minimal_Default.Minimal_Default_C' with ClassGeneratedBy '/Game/StarterContent/Maps/Minimal_Default.Minimal_Default:PersistentLevel.Minimal_Default'
[2019.09.23-17.09.02:001][908]LogPlayLevel: PlayLevel: No blueprints needed recompiling
[2019.09.23-17.09.02:001][908]PIE: New page: PIE session: Minimal_Default (24-Sep-2019 4:09:02 am)
[2019.09.23-17.09.02:001][908]LogPlayLevel: Creating play world package: /Game/StarterContent/Maps/UEDPIE_0_Minimal_Default
[2019.09.23-17.09.02:004][908]LogPlayLevel: PIE: StaticDuplicateObject took: (0.002795s)
[2019.09.23-17.09.02:004][908]LogAIModule: Creating AISystem for world Minimal_Default
[2019.09.23-17.09.02:004][908]LogPlayLevel: PIE: World Init took: (0.000384s)
[2019.09.23-17.09.02:005][908]LogPlayLevel: PIE: Created PIE world by copying editor world from /Game/StarterContent/Maps/Minimal_Default.Minimal_Default to /Game/StarterContent/Maps/UEDPIE_0_Minimal_Default.Minimal_Default (0.003253s)
[2019.09.23-17.09.02:038][908]LogInit: XAudio2 using 'Headphones (4- High Definition Audio Device)' : 2 channels at 48 kHz using 32 bits per sample (channel mask 0x3)
[2019.09.23-17.09.02:044][908]LogInit: FAudioDevice initialized.
[2019.09.23-17.09.02:074][908]LogLoad: Game class is 'GameModeBase'
[2019.09.23-17.09.02:075][908]LogWorld: Bringing World /Game/StarterContent/Maps/UEDPIE_0_Minimal_Default.Minimal_Default up for play (max tick rate 0) at 2019.09.23-22.39.02
[2019.09.23-17.09.02:075][908]LogWorld: Bringing up level for play took: 0.000500
[2019.09.23-17.09.02:087][908]PIE: Play in editor start time for /Game/StarterContent/Maps/UEDPIE_0_Minimal_Default 1.002
[2019.09.23-17.09.02:087][908]LogBlueprintUserMessages: Late PlayInEditor Detection: Level '/Game/StarterContent/Maps/Minimal_Default.Minimal_Default:PersistentLevel' has LevelScriptBlueprint '/Game/StarterContent/Maps/Minimal_Default.Minimal_Default:PersistentLevel.Minimal_Default' with GeneratedClass '/Game/StarterContent/Maps/Minimal_Default.Minimal_Default_C' with ClassGeneratedBy '/Game/StarterContent/Maps/Minimal_Default.Minimal_Default:PersistentLevel.Minimal_Default'
[2019.09.23-17.09.05:355][299]LogBlueprintUserMessages: Early EndPlayMap Detection: Level '/Game/StarterContent/Maps/Minimal_Default.Minimal_Default:PersistentLevel' has LevelScriptBlueprint '/Game/StarterContent/Maps/Minimal_Default.Minimal_Default:PersistentLevel.Minimal_Default' with GeneratedClass '/Game/StarterContent/Maps/Minimal_Default.Minimal_Default_C' with ClassGeneratedBy '/Game/StarterContent/Maps/Minimal_Default.Minimal_Default:PersistentLevel.Minimal_Default'
[2019.09.23-17.09.05:355][299]LogSlate: Updating window title bar state: overlay mode, drag disabled, window buttons hidden, title bar hidden
[2019.09.23-17.09.05:386][299]LogPlayLevel: Display: Shutting down PIE online subsystems
[2019.09.23-17.09.05:386][299]LogBlueprintUserMessages: Late EndPlayMap Detection: Level '/Game/StarterContent/Maps/Minimal_Default.Minimal_Default:PersistentLevel' has LevelScriptBlueprint '/Game/StarterContent/Maps/Minimal_Default.Minimal_Default:PersistentLevel.Minimal_Default' with GeneratedClass '/Game/StarterContent/Maps/Minimal_Default.Minimal_Default_C' with ClassGeneratedBy '/Game/StarterContent/Maps/Minimal_Default.Minimal_Default:PersistentLevel.Minimal_Default'
[2019.09.23-17.09.05:410][299]LogSlate: Updating window title bar state: overlay mode, drag disabled, window buttons hidden, title bar hidden
[2019.09.23-17.09.05:414][299]LogActorComponent: ReregisterComponent: (/Game/StarterContent/Maps/Minimal_Default.Minimal_Default:PersistentLevel.Starter_Background_Cue_2.AudioComponent0) Not currently registered. Aborting.
[2019.09.23-17.09.05:459][305]LogPlayLevel: Display: Destroying online subsystem :Context_12
[2019.09.23-17.09.06:243][399]LogEditorViewport: Clicking on Actor (LMB): Player_1_C (Player_1)
[2019.09.23-17.09.07:285][522]Cmd: DELETE
[2019.09.23-17.09.07:285][522]Cmd: ACTOR DELETE
[2019.09.23-17.09.07:286][522]LogEditorActor: Deleted Actor: Player_1_C
[2019.09.23-17.09.07:309][522]LogEditorActor: Deleted 1 Actors (0.024 secs)
[2019.09.23-17.18.13:432][345]LogSavePackage: Moving '../../../../../../Users/User/Documents/Unreal Projects/Dhiraj_BomberMan 4.21/Saved/Minimal_Default_Auto11ED2635949534282A39DF689ACF63916.tmp' to '../../../../../../Users/User/Documents/Unreal Projects/Dhiraj_BomberMan 4.21/Saved/Autosaves/Game/StarterContent/Maps/Minimal_Default_Auto1.umap'
[2019.09.23-17.18.13:436][345]LogFileHelpers: Editor autosave (incl. sublevels) for '/Game/StarterContent/Maps/Minimal_Default' took 0.136
[2019.09.23-17.18.13:436][345]LogFileHelpers: Editor autosave (incl. sublevels) for all levels took 0.136
[2019.09.23-17.18.13:438][345]OBJ SavePackage: Generating thumbnails for [1] asset(s) in package [/Game/Blueprint/Player_1] ([1] browsable assets)...
[2019.09.23-17.18.13:454][345]OBJ SavePackage:     Rendered thumbnail for [Blueprint /Game/Blueprint/Player_1.Player_1]
[2019.09.23-17.18.13:454][345]OBJ SavePackage: Finished generating thumbnails for package [/Game/Blueprint/Player_1]
[2019.09.23-17.18.13:474][345]LogSavePackage: Moving '../../../../../../Users/User/Documents/Unreal Projects/Dhiraj_BomberMan 4.21/Saved/Player_1_Auto10C267DAC4A1AD9935CFB82A44DC5798E.tmp' to '../../../../../../Users/User/Documents/Unreal Projects/Dhiraj_BomberMan 4.21/Saved/Autosaves/Game/Blueprint/Player_1_Auto1.uasset'
[2019.09.23-17.18.13:474][345]LogFileHelpers: Auto-saving content packages took 0.037
